<?xml version="1.0" encoding="utf-8"?><testsuites name="pytest tests"><testsuite name="pytest" errors="0" failures="15" skipped="2" tests="507" time="20.679" timestamp="2026-09-14T12:57:45.905341+05:00" hostname="EFFA"><testcase classname="tests.test_ad_hoc_material_dialog" name="test_normalize_name_collapses_whitespace_and_case" time="0.001" /><testcase classname="tests.test_ad_hoc_material_dialog" name="test_accept_persists_all_engineering_fields_and_reuses_normalized_duplicate" time="0.215"><failure message="AttributeError: 'PySide6.QtWidgets.QComboBox' object has no attribute 'setCurrentData'. Did you mean: 'currentData'?">monkeypatch = &lt;_pytest.monkeypatch.MonkeyPatch object at 0x000002EA92CE5E00&gt;

    def test_accept_persists_all_engineering_fields_and_reuses_normalized_duplicate(monkeypatch):
        _qapp()
        engine, factory = _session_factory()
        monkeypatch.setattr(dialog_module, "get_session_factory", lambda: factory)
        monkeypatch.setattr(QMessageBox, "information", staticmethod(lambda *args, **kwargs: QMessageBox.Ok))
        monkeypatch.setattr(QMessageBox, "warning", staticmethod(lambda *args, **kwargs: QMessageBox.Ok))
        monkeypatch.setattr(QMessageBox, "critical", staticmethod(lambda *args, **kwargs: QMessageBox.Ok))
    
        first = AdHocMaterialDialog()
&gt;       _fill(first, name="  Test   Material  ")

tests\test_ad_hoc_material_dialog.py:54: 
_ _ _ _ _ _ _ _ _ _ _ _ _ _ _ _ _ _ _ _ _ _ _ _ _ _ _ _ _ _ _ _ _ _ _ _ _ _ _ _ _ _ _ _ _ _ _ _ _ _ _ _ _ _ _ _ _ _ _ _

dialog = &lt;app.ui.dialogs.ad_hoc_material_dialog.AdHocMaterialDialog(0x2eaad36e410) at 0x000002EAADE719C0&gt;
name = '  Test   Material  '

    def _fill(dialog, *, name: str):
        dialog.ed_name.setText(name)
        dialog.ed_manufacturer.setText("ООО Тест")
        dialog.ed_brand.setText("Test Brand")
&gt;       dialog.cmb_type.setCurrentData(MaterialType.PRIMER)
        ^^^^^^^^^^^^^^^^^^^^^^^^^^^^^^
E       AttributeError: 'PySide6.QtWidgets.QComboBox' object has no attribute 'setCurrentData'. Did you mean: 'currentData'?

tests\test_ad_hoc_material_dialog.py:29: AttributeError</failure></testcase><testcase classname="tests.test_calc_tds_helpers" name="test_check_system_tds_dft_and_trace" time="0.008" /><testcase classname="tests.test_calculation_scenario_service" name="test_scenario_retains_compatibility_report_for_each_alternative" time="0.002" /><testcase classname="tests.test_calculation_scenario_view_smoke" name="test_scenario_view_surfaces_compatibility_status_and_notes" time="0.012" /><testcase classname="tests.test_calculation_service_invariants" name="test_system_totals_are_exact_sums_of_layer_results[2]" time="0.003" /><testcase classname="tests.test_calculation_service_invariants" name="test_system_totals_are_exact_sums_of_layer_results[3]" time="0.002" /><testcase classname="tests.test_calculation_service_invariants" name="test_system_totals_are_exact_sums_of_layer_results[4]" time="0.002" /><testcase classname="tests.test_calculation_service_invariants" name="test_system_totals_are_exact_sums_of_layer_results[5]" time="0.002" /><testcase classname="tests.test_calculation_service_invariants" name="test_system_area_scaling_is_linear_and_per_m2_is_area_independent" time="0.003" /><testcase classname="tests.test_calculation_service_invariants" name="test_system_totals_keep_full_precision_without_intermediate_rounding" time="0.002" /><testcase classname="tests.test_calculation_summary_compatibility" name="test_calculation_summary_reports_source_backed_layer_compatibility" time="0.002" /><testcase classname="tests.test_calculation_view_smoke" name="test_calculation_view_calculates_and_enables_result_actions" time="0.035" /><testcase classname="tests.test_calculation_view_smoke" name="test_calculation_view_loads_saved_system_into_editable_calculation" time="0.026" /><testcase classname="tests.test_calculator.TestLayerCalculator" name="test_primer_basic" time="0.002" /><testcase classname="tests.test_calculator.TestLayerCalculator" name="test_missing_density_blocks_engineering_calculation" time="0.002" /><testcase classname="tests.test_calculator.TestLayerCalculator" name="test_missing_volume_solids_blocks_engineering_calculation" time="0.003" /><testcase classname="tests.test_calculator.TestLayerCalculator" name="test_invalid_volume_solids_over_100_blocks_engineering_calculation" time="0.002" /><testcase classname="tests.test_calculator.TestLayerCalculator" name="test_with_area" time="0.001" /><testcase classname="tests.test_calculator.TestLayerCalculator" name="test_with_area_scales_thinner_separately" time="0.002" /><testcase classname="tests.test_calculator.TestLayerCalculator" name="test_consumption_only_no_procurement_fields" time="0.001" /><testcase classname="tests.test_calculator.TestLayerCalculator" name="test_with_thinner" time="0.001" /><testcase classname="tests.test_calculator.TestLayerCalculator" name="test_dilution_does_not_change_paint_volume_consumption" time="0.001" /><testcase classname="tests.test_calculator.TestLayerCalculator" name="test_thinner_without_price_keeps_physical_consumption" time="0.001" /><testcase classname="tests.test_calculator.TestLayerCalculator" name="test_price_per_liter_has_priority_when_consistent" time="0.001" /><testcase classname="tests.test_calculator.TestLayerCalculator" name="test_inconsistent_kg_and_liter_prices_are_rejected" time="0.001" /><testcase classname="tests.test_calculator.TestLayerCalculator" name="test_dilution_basis_paint_volume" time="0.001" /><testcase classname="tests.test_calculator.TestLayerCalculator" name="test_dilution_basis_component_volume_matches_paint_volume" time="0.001" /><testcase classname="tests.test_calculator.TestLayerCalculator" name="test_dilution_basis_mix_volume_uses_final_mix_fraction" time="0.001" /><testcase classname="tests.test_calculator.TestLayerCalculator" name="test_dilution_basis_mass_uses_density_conversion" time="0.001" /><testcase classname="tests.test_calculator.TestLayerCalculator" name="test_loss_coefficient_rejects_invalid_values" time="0.001" /><testcase classname="tests.test_calculator.TestLayerCalculator" name="test_negative_dft_rejected_by_formula" time="0.001" /><testcase classname="tests.test_calculator.TestLayerCalculator" name="test_zero_dft_has_zero_physical_consumption" time="0.001" /><testcase classname="tests.test_calculator.TestLayerCalculator" name="test_invalid_dilution_rejected_even_with_zero_dft" time="0.001" /><testcase classname="tests.test_calculator.TestSystemCalculator" name="test_two_layer_system" time="0.002" /><testcase classname="tests.test_calculator.TestSystemCalculator" name="test_direct_area_is_sole_scaling_source" time="0.001" /><testcase classname="tests.test_calculator.TestSystemCalculator" name="test_zero_area_blocks_system_calculation" time="0.001" /><testcase classname="tests.test_calculator.TestSystemCalculator" name="test_missing_material_price_does_not_block_system_consumption" time="0.002" /><testcase classname="tests.test_calculator.TestSystemCalculator" name="test_missing_critical_material_data_blocks_before_engine_calculation" time="0.002" /><testcase classname="tests.test_calculator.TestSystemCalculator" name="test_missing_system_layer_material_never_calculates_partial_system" time="0.001" /><testcase classname="tests.test_calculator.TestValidation" name="test_negative_area" time="0.001" /><testcase classname="tests.test_calculator.TestValidation" name="test_zero_area_is_not_a_valid_object_calculation_area" time="0.001" /><testcase classname="tests.test_calculator.TestValidation" name="test_unknown_area_is_clear_error" time="0.001" /><testcase classname="tests.test_calculator.TestValidation" name="test_dft_above_max" time="0.001" /><testcase classname="tests.test_calculator.TestValidation" name="test_unknown_dft_is_clear_error" time="0.001" /><testcase classname="tests.test_calculator.TestValidation" name="test_zero_dft_is_clear_error" time="0.001" /><testcase classname="tests.test_calculator.TestValidation" name="test_solids_over_100" time="0.001" /><testcase classname="tests.test_calculator.TestValidation" name="test_losses_ge_100" time="0.001" /><testcase classname="tests.test_calculator.TestValidation" name="test_unknown_losses_is_clear_error" time="0.001" /><testcase classname="tests.test_calculator.TestValidation" name="test_unknown_thinner_percent_is_clear_error" time="0.001" /><testcase classname="tests.test_calculator.TestValidation" name="test_dew_point" time="0.001" /><testcase classname="tests.test_calculator.TestValidation" name="test_before_calculation_blocks_on_error" time="0.001" /><testcase classname="tests.test_calculator_unknown_inputs" name="test_layer_calculator_rejects_unknown_dft" time="0.001" /><testcase classname="tests.test_calculator_unknown_inputs" name="test_layer_calculator_rejects_zero_area" time="0.002" /><testcase classname="tests.test_calculator_unknown_inputs" name="test_layer_calculator_rejects_unknown_area" time="0.001" /><testcase classname="tests.test_calculator_unknown_inputs" name="test_layer_calculator_rejects_unknown_losses" time="0.001" /><testcase classname="tests.test_calculator_unknown_inputs" name="test_layer_calculator_rejects_unknown_thinner_percent" time="0.001" /><testcase classname="tests.test_calculator_unknown_inputs" name="test_system_calculator_unknown_area_returns_validation_error" time="0.001" /><testcase classname="tests.test_catalog_seed" name="test_catalog_does_not_invent_volume_solids" time="0.003" /><testcase classname="tests.test_catalog_seed" name="test_seed_catalog_is_idempotent" time="0.139" /><testcase classname="tests.test_chemical_resistance" name="test_empty_rules_yield_unknown_not_resistant" time="0.001" /><testcase classname="tests.test_chemical_resistance" name="test_known_resistant_rule_matches" time="0.001" /><testcase classname="tests.test_chemical_resistance" name="test_concentration_exceeded_becomes_not_resistant" time="0.001" /><testcase classname="tests.test_chemical_resistance" name="test_no_invention_from_binder_or_category" time="0.001" /><testcase classname="tests.test_chemical_resistance" name="test_promote_requires_verified_by_and_source" time="0.001" /><testcase classname="tests.test_chemical_resistance" name="test_longest_hint_resolve" time="0.001" /><testcase classname="tests.test_chemical_resistance" name="test_require_known_turns_unknown_into_error" time="0.001" /><testcase classname="tests.test_chemical_resistance" name="test_calculation_service_uses_registry" time="0.001" /><testcase classname="tests.test_chemical_resistance" name="test_known_rule_without_source_rejected" time="0.001" /><testcase classname="tests.test_chemical_resistance" name="test_temperature_exceeded_becomes_not_resistant" time="0.001" /><testcase classname="tests.test_chemical_resistance" name="test_multi_agent_partial_unknown_not_all_resistant" time="0.001" /><testcase classname="tests.test_chemical_resistance" name="test_recommendation_filter_module_exists_without_invention" time="0.002" /><testcase classname="tests.test_chemical_resistance_dialog_smoke" name="test_chemical_resistance_dialog_preserves_unknown_without_rules" time="0.010" /><testcase classname="tests.test_comparison_engine" name="test_compare_results_preserves_exact_multi_layer_results" time="0.001" /><testcase classname="tests.test_comparison_engine" name="test_compare_supports_two_three_four_and_five_layers" time="0.002" /><testcase classname="tests.test_comparison_engine" name="test_compare_results_keeps_two_component_material_as_one_layer_and_does_not_double_count_thinner" time="0.001" /><testcase classname="tests.test_comparison_engine" name="test_comparison_rejects_more_than_ten_systems" time="0.002" /><testcase classname="tests.test_comparison_excel_export" name="test_comparison_excel_contains_all_layers_and_engineering_totals" time="0.196" /><testcase classname="tests.test_comparison_excel_export" name="test_comparison_excel_does_not_truncate_shorter_system_layers" time="0.135" /><testcase classname="tests.test_comparison_regression" name="test_comparison_preserves_every_layer[counts0]" time="0.002" /><testcase classname="tests.test_comparison_regression" name="test_comparison_preserves_every_layer[counts1]" time="0.002" /><testcase classname="tests.test_comparison_regression" name="test_comparison_preserves_every_layer[counts2]" time="0.001" /><testcase classname="tests.test_comparison_regression" name="test_comparison_preserves_every_layer[counts3]" time="0.003" /><testcase classname="tests.test_comparison_regression" name="test_comparison_result_path_preserves_precalculated_results" time="0.002" /><testcase classname="tests.test_comparison_regression" name="test_comparison_result_path_rejects_mixed_areas" time="0.002" /><testcase classname="tests.test_comparison_regression" name="test_comparison_table_does_not_double_count_thinner_cost" time="0.001" /><testcase classname="tests.test_comparison_regression" name="test_comparison_exposes_worst_case_technology_constraints" time="0.001" /><testcase classname="tests.test_comparison_unknown_costs" name="test_unknown_thinner_cost_does_not_become_zero" time="0.001" /><testcase classname="tests.test_comparison_unknown_costs" name="test_explicit_zero_thinner_cost_remains_zero" time="0.001" /><testcase classname="tests.test_comparison_view_smoke" name="test_comparison_view_builds_and_renders_multilayer_result" time="0.003"><failure message="TypeError: ComparisonEngine.compare() got an unexpected keyword argument 'materials_by_id'">def test_comparison_view_builds_and_renders_multilayer_result():
        _app()
        service = CalculationService()
        view = ComparisonView(service)
        view.set_object(ObjectData(object_name="Объект", area_m2=100.0))
        view.add_system("Система 2 слоя", _layers(2))
        view.add_system("Система 4 слоя", _layers(4))
    
&gt;       view._on_compare()

tests\test_comparison_view_smoke.py:51: 
_ _ _ _ _ _ _ _ _ _ _ _ _ _ _ _ _ _ _ _ _ _ _ _ _ _ _ _ _ _ _ _ _ _ _ _ _ _ _ _ _ _ _ _ _ _ _ _ _ _ _ _ _ _ _ _ _ _ _ _
app\ui\views\comparison_view.py:34: in _on_compare
    else:self._last_comparison=self.service.compare_systems(self._object,self._systems_data)
                               ^^^^^^^^^^^^^^^^^^^^^^^^^^^^^^^^^^^^^^^^^^^^^^^^^^^^^^^^^^^^^
_ _ _ _ _ _ _ _ _ _ _ _ _ _ _ _ _ _ _ _ _ _ _ _ _ _ _ _ _ _ _ _ _ _ _ _ _ _ _ _ _ _ _ _ _ _ _ _ _ _ _ _ _ _ _ _ _ _ _ _

self = &lt;app.services.calculation_service.CalculationService object at 0x000002EAAEDB6750&gt;
obj = ObjectData(object_name='Объект', customer='', project='', calculation_number='', area_m2=100.0, structure_type='', sub...face_temperature=None, air_temperature=None, relative_humidity=None, dew_point=None, dew_point_margin_c=None, notes='')
systems = [('Система 2 слоя', [LayerInput(material=Material(id=1, manufacturer='Blank', brand='', material_name='Материал 1', ma...ne), target_dft=140.0, losses_percent=5.0, thinner_percent=0.0, thinner=None, thinner_basis=None, loss_profile=None)])]
materials_by_id = None

    def compare_systems(
        self,
        obj: ObjectData,
        systems: Sequence[CoatingSystem],
        materials_by_id=None,
    ) -&gt; ComparisonResult:
&gt;       return self.comparison.compare(obj, systems, materials_by_id=materials_by_id)
               ^^^^^^^^^^^^^^^^^^^^^^^^^^^^^^^^^^^^^^^^^^^^^^^^^^^^^^^^^^^^^^^^^^^^^^
E       TypeError: ComparisonEngine.compare() got an unexpected keyword argument 'materials_by_id'

app\services\calculation_service.py:106: TypeError</failure></testcase><testcase classname="tests.test_compatibility" name="test_source_matrix_shape_is_preserved" time="0.001" /><testcase classname="tests.test_compatibility" name="test_direction_is_previous_layer_to_applied_layer" time="0.001" /><testcase classname="tests.test_compatibility" name="test_warning_markers_are_not_treated_as_forbidden" time="0.001" /><testcase classname="tests.test_compatibility" name="test_unmapped_current_binder_is_unknown" time="0.001" /><testcase classname="tests.test_compatibility" name="test_epoxy_and_acrylic_mapping_uses_source_direction" time="0.001" /><testcase classname="tests.test_compatibility" name="test_epoxy_ester_is_supported_only_where_source_has_a_column" time="0.001" /><testcase classname="tests.test_compatibility_source_matrix" name="test_source_identity_points_to_project_snapshot_and_published_table" time="0.001" /><testcase classname="tests.test_compatibility_source_matrix" name="test_matrix_is_exactly_transcribed_from_source_snapshot" time="0.001" /><testcase classname="tests.test_compatibility_source_matrix" name="test_blank_source_cell_remains_unknown_and_special_markers_are_warnings" time="0.001" /><testcase classname="tests.test_customer_excel_export" name="test_customer_excel_is_single_table" time="0.125" /><testcase classname="tests.test_customer_excel_export" name="test_customer_excel_expands_to_three_layers_without_truncation" time="0.138" /><testcase classname="tests.test_customer_excel_export" name="test_customer_excel_expands_to_four_layers_and_keeps_styles" time="0.132" /><testcase classname="tests.test_customer_excel_export" name="test_customer_excel_contains_all_layers_even_with_mixed_thinners" time="0.128" /><testcase classname="tests.test_customer_excel_export" name="test_customer_excel_preserves_long_material_name" time="0.092" /><testcase classname="tests.test_customer_excel_export" name="test_customer_excel_commercial_and_full_keep_price_fields" time="0.367" /><testcase classname="tests.test_customer_excel_export" name="test_customer_excel_engineering_mode_uses_separate_export" time="0.126" /><testcase classname="tests.test_customer_excel_export" name="test_customer_excel_has_deterministic_print_area_for_four_layers" time="0.155" /><testcase classname="tests.test_customer_excel_export" name="test_customer_excel_2k_is_one_layer_and_does_not_expose_components" time="0.176" /><testcase classname="tests.test_customer_excel_print_layout" name="test_customer_excel_print_layout_two_layers" time="0.283"><failure message="AssertionError: assert '$1:$6' == '1:6'&#10;  &#10;  #x1B[0m#x1B[91m- 1:6#x1B[39;49;00m#x1B[90m#x1B[39;49;00m&#10;  #x1B[92m+ $1:$6#x1B[39;49;00m#x1B[90m#x1B[39;49;00m&#10;  ? +  +#x1B[90m#x1B[39;49;00m">tmp_path = WindowsPath('C:/Users/Евгений/AppData/Local/Temp/pytest-of-Евгений/pytest-2/test_customer_excel_print_layo0')

    def test_customer_excel_print_layout_two_layers(tmp_path: Path):
        ws = _export(tmp_path, 2)
        assert ws.print_area == "'База'!$B$1:$R$11"
&gt;       assert ws.print_title_rows == "1:6"
E       AssertionError: assert '$1:$6' == '1:6'
E         
E         #x1B[0m#x1B[91m- 1:6#x1B[39;49;00m#x1B[90m#x1B[39;49;00m
E         #x1B[92m+ $1:$6#x1B[39;49;00m#x1B[90m#x1B[39;49;00m
E         ? +  +#x1B[90m#x1B[39;49;00m

tests\test_customer_excel_print_layout.py:53: AssertionError</failure></testcase><testcase classname="tests.test_customer_excel_print_layout" name="test_customer_excel_print_layout_expands_with_layers" time="0.113"><failure message="KeyError: (18, 6)">tmp_path = WindowsPath('C:/Users/Евгений/AppData/Local/Temp/pytest-of-Евгений/pytest-2/test_customer_excel_print_layo1')

    def test_customer_excel_print_layout_expands_with_layers(tmp_path: Path):
&gt;       ws = _export(tmp_path, 5)
             ^^^^^^^^^^^^^^^^^^^^

tests\test_customer_excel_print_layout.py:61: 
_ _ _ _ _ _ _ _ _ _ _ _ _ _ _ _ _ _ _ _ _ _ _ _ _ _ _ _ _ _ _ _ _ _ _ _ _ _ _ _ _ _ _ _ _ _ _ _ _ _ _ _ _ _ _ _ _ _ _ _
tests\test_customer_excel_print_layout.py:46: in _export
    exporter.export_calculation(_result(layer_count), output)
app\infrastructure\export\customer_excel_exporter.py:280: in export_calculation
    ws = self._prepare_base_sheet(wb, len(result.layers))
         ^^^^^^^^^^^^^^^^^^^^^^^^^^^^^^^^^^^^^^^^^^^^^^^^
app\infrastructure\export\customer_excel_exporter.py:155: in _prepare_base_sheet
    self._expand_section(
app\infrastructure\export\customer_excel_exporter.py:104: in _expand_section
    ws.unmerge_cells(str(merged))
_ _ _ _ _ _ _ _ _ _ _ _ _ _ _ _ _ _ _ _ _ _ _ _ _ _ _ _ _ _ _ _ _ _ _ _ _ _ _ _ _ _ _ _ _ _ _ _ _ _ _ _ _ _ _ _ _ _ _ _

self = &lt;Worksheet "База"&gt;, range_string = 'F17:F19', start_row = None, start_column = None, end_row = None
end_column = None

    def unmerge_cells(self, range_string=None, start_row=None, start_column=None, end_row=None, end_column=None):
        """ Remove merge on a cell range.  Range is a cell range (e.g. A1:E1) """
        cr = CellRange(range_string=range_string, min_col=start_column, min_row=start_row,
                      max_col=end_column, max_row=end_row)
    
        if cr.coord not in self.merged_cells:
            raise ValueError("Cell range {0} is not merged".format(cr.coord))
    
        self.merged_cells.remove(cr)
    
        cells = cr.cells
        next(cells) # skip first cell
        for row, col in cells:
&gt;           del self._cells[(row, col)]
                ^^^^^^^^^^^^^^^^^^^^^^^
E           KeyError: (18, 6)

C:\Users\Евгений\AppData\Roaming\Python\Python314\site-packages\openpyxl\worksheet\worksheet.py:638: KeyError</failure></testcase><testcase classname="tests.test_database_safety" name="test_sqlite_backup_and_restore_preserve_snapshot" time="0.038" /><testcase classname="tests.test_database_safety" name="test_database_backup_rejects_same_path" time="0.005" /><testcase classname="tests.test_database_safety" name="test_alembic_upgrade_is_idempotent_and_reaches_head" time="0.290" /><testcase classname="tests.test_database_safety" name="test_backup_missing_source_raises" time="0.005" /><testcase classname="tests.test_database_safety" name="test_restore_missing_backup_raises" time="0.006" /><testcase classname="tests.test_database_safety" name="test_backup_then_restore_roundtrip_with_multiple_tables" time="0.068" /><testcase classname="tests.test_database_safety" name="test_alembic_head_revision_id_is_007_system_templates" time="0.007" /><testcase classname="tests.test_dilution_v3" name="test_dilution_by_paint_volume_changes_wft_but_not_paint_consumption" time="0.002" /><testcase classname="tests.test_dilution_v3" name="test_dilution_by_mix_volume" time="0.001" /><testcase classname="tests.test_dilution_v3" name="test_dilution_by_mass_uses_both_densities_without_intermediate_rounding" time="0.001" /><testcase classname="tests.test_dilution_v3" name="test_invalid_dilution_percent_is_rejected[-0.01]" time="0.002" /><testcase classname="tests.test_dilution_v3" name="test_invalid_dilution_percent_is_rejected[100.0]" time="0.001" /><testcase classname="tests.test_dilution_v3" name="test_invalid_dilution_percent_is_rejected[100.01]" time="0.001" /><testcase classname="tests.test_dilution_v3" name="test_invalid_dilution_percent_is_rejected_even_when_dft_zero" time="0.002" /><testcase classname="tests.test_engineering_context_snapshot" name="test_engineering_context_round_trip_preserves_source_and_unknown_state" time="0.002" /><testcase classname="tests.test_engineering_context_snapshot" name="test_empty_normative_and_surface_context_does_not_become_known" time="0.002"><failure message="assert None is not None">def test_empty_normative_and_surface_context_does_not_become_known():
        restored = engineering_context_from_dict({})
    
&gt;       assert restored is not None
E       assert None is not None

tests\test_engineering_context_snapshot.py:81: AssertionError</failure></testcase><testcase classname="tests.test_engineering_excel_export" name="test_engineering_excel_has_two_tables_and_all_layers" time="0.084" /><testcase classname="tests.test_engineering_excel_export" name="test_engineering_excel_does_not_expose_material_prices" time="0.074" /><testcase classname="tests.test_engineering_excel_export" name="test_engineering_excel_supports_two_layers" time="0.101" /><testcase classname="tests.test_engineering_excel_export" name="test_comparison_excel_matches_ui_and_preserves_all_layers" time="0.118" /><testcase classname="tests.test_engineering_excel_export" name="test_engineering_excel_2k_is_one_layer_and_does_not_expose_components" time="0.092" /><testcase classname="tests.test_engineering_filter" name="test_compliant_system_passes" time="0.002" /><testcase classname="tests.test_engineering_filter" name="test_missing_critical_system_data_is_not_treated_as_pass" time="0.002" /><testcase classname="tests.test_engineering_filter" name="test_wrong_category_is_rejected" time="0.001" /><testcase classname="tests.test_engineering_filter" name="test_bad_dew_point_margin_is_rejected" time="0.001" /><testcase classname="tests.test_engineering_filter" name="test_excessive_single_layer_dft_is_rejected" time="0.001" /><testcase classname="tests.test_excel_export" name="test_export_creates_file" time="0.124" /><testcase classname="tests.test_excel_export" name="test_export_has_required_sheets" time="0.117" /><testcase classname="tests.test_excel_export" name="test_export_contains_date_and_formula_version" time="0.100" /><testcase classname="tests.test_excel_export" name="test_layers_sheet_has_data" time="0.187" /><testcase classname="tests.test_excel_export" name="test_layers_sheet_has_thinner_consumption_columns" time="0.107" /><testcase classname="tests.test_excel_export" name="test_materials_sheet_labels_volume_solids" time="0.105" /><testcase classname="tests.test_excel_export" name="test_export_unknown_price_is_not_zero" time="0.140" /><testcase classname="tests.test_excel_export" name="test_export_has_no_procurement_or_warehouse_metrics" time="0.095" /><testcase classname="tests.test_excel_export" name="test_export_comparison" time="0.165" /><testcase classname="tests.test_excel_libreoffice" name="test_customer_excel_roundtrips_through_libreoffice_to_pdf" time="0.176"><failure message="FileNotFoundError: [WinError 2] Не удается найти указанный файл">tmp_path = WindowsPath('C:/Users/Евгений/AppData/Local/Temp/pytest-of-Евгений/pytest-2/test_customer_excel_roundtrips0')

    def test_customer_excel_roundtrips_through_libreoffice_to_pdf(tmp_path: Path):
        template = tmp_path / "template.xlsx"
        output = tmp_path / "customer.xlsx"
        pdf_dir = tmp_path / "pdf"
        profile_dir = tmp_path / "lo-profile"
        pdf_dir.mkdir()
    
        _template(template)
        settings = AppSettings(report_mode="full", excel_template_path=str(template))
        CustomerExcelExporter(settings).export_calculation(_result(4), output)
    
        env = os.environ.copy()
        env["HOME"] = str(tmp_path)
&gt;       subprocess.run(
            [
                "soffice",
                "--headless",
                f"-env:UserInstallation={profile_dir.as_uri()}",
                "--convert-to",
                "pdf",
                "--outdir",
                str(pdf_dir),
                str(output),
            ],
            check=True,
            capture_output=True,
            text=True,
            env=env,
            timeout=60,
        )

tests\test_excel_libreoffice.py:26: 
_ _ _ _ _ _ _ _ _ _ _ _ _ _ _ _ _ _ _ _ _ _ _ _ _ _ _ _ _ _ _ _ _ _ _ _ _ _ _ _ _ _ _ _ _ _ _ _ _ _ _ _ _ _ _ _ _ _ _ _
C:\Python314\Lib\subprocess.py:555: in run
    with Popen(*popenargs, **kwargs) as process:
         ^^^^^^^^^^^^^^^^^^^^^^^^^^^
C:\Python314\Lib\subprocess.py:1039: in __init__
    self._execute_child(args, executable, preexec_fn, close_fds,
_ _ _ _ _ _ _ _ _ _ _ _ _ _ _ _ _ _ _ _ _ _ _ _ _ _ _ _ _ _ _ _ _ _ _ _ _ _ _ _ _ _ _ _ _ _ _ _ _ _ _ _ _ _ _ _ _ _ _ _

self = &lt;Popen: returncode: None args: ['soffice', '--headless', '-env:UserInstallat...&gt;
args = 'soffice --headless -env:UserInstallation=file:///C:/Users/%D0%95%D0%B2%D0%B3%D0%B5%D0%BD%D0%B8%D0%B9/AppData/Local/Te... C:\\Users\\Евгений\\AppData\\Local\\Temp\\pytest-of-Евгений\\pytest-2\\test_customer_excel_roundtrips0\\customer.xlsx'
executable = None, preexec_fn = None, close_fds = False, pass_fds = (), cwd = None
env = {'ALLUSERSPROFILE': 'C:\\ProgramData', 'APPDATA': 'C:\\Users\\Евгений\\AppData\\Roaming', 'ASCON_POLYNOM_LIBRARY': '1', 'CHOCOLATEYINSTALL': 'C:\\ProgramData\\chocolatey', ...}
startupinfo = &lt;subprocess.STARTUPINFO object at 0x000002EAAFDB0980&gt;, creationflags = 0, shell = False
p2cread = Handle(1448), p2cwrite = -1, c2pread = 13, c2pwrite = Handle(1456), errread = 14, errwrite = Handle(1412)
unused_restore_signals = True, unused_gid = None, unused_gids = None, unused_uid = None, unused_umask = -1
unused_start_new_session = False, unused_process_group = -1

    def _execute_child(self, args, executable, preexec_fn, close_fds,
                       pass_fds, cwd, env,
                       startupinfo, creationflags, shell,
                       p2cread, p2cwrite,
                       c2pread, c2pwrite,
                       errread, errwrite,
                       unused_restore_signals,
                       unused_gid, unused_gids, unused_uid,
                       unused_umask,
                       unused_start_new_session, unused_process_group):
        """Execute program (MS Windows version)"""
    
        assert not pass_fds, "pass_fds not supported on Windows."
    
        if isinstance(args, str):
            pass
        elif isinstance(args, bytes):
            if shell:
                raise TypeError('bytes args is not allowed on Windows')
            args = list2cmdline([args])
        elif isinstance(args, os.PathLike):
            if shell:
                raise TypeError('path-like args is not allowed when '
                                'shell is true')
            args = list2cmdline([args])
        else:
            args = list2cmdline(args)
    
        if executable is not None:
            executable = os.fsdecode(executable)
    
        # Process startup details
        if startupinfo is None:
            startupinfo = STARTUPINFO()
        else:
            # bpo-34044: Copy STARTUPINFO since it is modified above,
            # so the caller can reuse it multiple times.
            startupinfo = startupinfo.copy()
    
        use_std_handles = -1 not in (p2cread, c2pwrite, errwrite)
        if use_std_handles:
            startupinfo.dwFlags |= _winapi.STARTF_USESTDHANDLES
            startupinfo.hStdInput = p2cread
            startupinfo.hStdOutput = c2pwrite
            startupinfo.hStdError = errwrite
    
        attribute_list = startupinfo.lpAttributeList
        have_handle_list = bool(attribute_list and
                                "handle_list" in attribute_list and
                                attribute_list["handle_list"])
    
        # If we were given an handle_list or need to create one
        if have_handle_list or (use_std_handles and close_fds):
            if attribute_list is None:
                attribute_list = startupinfo.lpAttributeList = {}
            handle_list = attribute_list["handle_list"] = \
                list(attribute_list.get("handle_list", []))
    
            if use_std_handles:
                handle_list += [int(p2cread), int(c2pwrite), int(errwrite)]
    
            handle_list[:] = self._filter_handle_list(handle_list)
    
            if handle_list:
                if not close_fds:
                    warnings.warn("startupinfo.lpAttributeList['handle_list'] "
                                  "overriding close_fds", RuntimeWarning)
    
                # When using the handle_list we always request to inherit
                # handles but the only handles that will be inherited are
                # the ones in the handle_list
                close_fds = False
    
        if shell:
            startupinfo.dwFlags |= _winapi.STARTF_USESHOWWINDOW
            startupinfo.wShowWindow = _winapi.SW_HIDE
            if not executable:
                # gh-101283: without a fully-qualified path, before Windows
                # checks the system directories, it first looks in the
                # application directory, and also the current directory if
                # NeedCurrentDirectoryForExePathW(ExeName) is true, so try
                # to avoid executing unqualified "cmd.exe".
                comspec = os.environ.get('ComSpec')
                if not comspec:
                    system_root = os.environ.get('SystemRoot', '')
                    comspec = os.path.join(system_root, 'System32', 'cmd.exe')
                    if not os.path.isabs(comspec):
                        raise FileNotFoundError('shell not found: neither %ComSpec% nor %SystemRoot% is set')
                if os.path.isabs(comspec):
                    executable = comspec
            else:
                comspec = executable
    
            args = '{} /c "{}"'.format (comspec, args)
    
        if cwd is not None:
            cwd = os.fsdecode(cwd)
    
        sys.audit("subprocess.Popen", executable, args, cwd, env)
    
        # Start the process
        try:
&gt;           hp, ht, pid, tid = _winapi.CreateProcess(executable, args,
                                     # no special security
                                     None, None,
                                     int(not close_fds),
                                     creationflags,
                                     env,
                                     cwd,
                                     startupinfo)
E                                    FileNotFoundError: [WinError 2] Не удается найти указанный файл

C:\Python314\Lib\subprocess.py:1553: FileNotFoundError</failure></testcase><testcase classname="tests.test_excel_missing_price" name="test_excel_marks_missing_price_as_unknown_without_inventing_cost" time="0.170" /><testcase classname="tests.test_excel_pdf_export_consistency" name="test_excel_and_pdf_share_system_result_totals" time="0.299" /><testcase classname="tests.test_explanation" name="test_explain_complete_layer_ok_status" time="0.001" /><testcase classname="tests.test_explanation" name="test_explain_missing_sv_and_density" time="0.001" /><testcase classname="tests.test_explanation" name="test_explain_zero_losses_info_not_hidden_coeff" time="0.001" /><testcase classname="tests.test_explanation" name="test_explain_incomplete_material_warning" time="0.001" /><testcase classname="tests.test_explanation" name="test_explain_area_unknown" time="0.001" /><testcase classname="tests.test_explanation" name="test_explain_normative_unknown_by_default" time="0.001" /><testcase classname="tests.test_explanation" name="test_explain_normative_known_when_rules_present" time="0.001" /><testcase classname="tests.test_explanation" name="test_format_explanation_text_nonempty" time="0.001" /><testcase classname="tests.test_explanation" name="test_service_explain_calculation" time="0.001" /><testcase classname="tests.test_explanation" name="test_explain_pre_application_ready" time="0.001" /><testcase classname="tests.test_explanation" name="test_explain_chemical_empty_unknown" time="0.001" /><testcase classname="tests.test_explanation" name="test_explain_chemical_resistant_and_unknown" time="0.001" /><testcase classname="tests.test_explanation" name="test_explain_recommendation_signals" time="0.001" /><testcase classname="tests.test_explanation" name="test_service_explain_engineering_bundle" time="0.002" /><testcase classname="tests.test_explanation_dialog_smoke" name="test_explanation_dialog_renders_source_traceable_report" time="0.003" /><testcase classname="tests.test_formulas.TestBasicFormulas" name="test_wft_primer" time="0.001" /><testcase classname="tests.test_formulas.TestBasicFormulas" name="test_wft_finish" time="0.001" /><testcase classname="tests.test_formulas.TestBasicFormulas" name="test_wft_zero_inputs" time="0.001" /><testcase classname="tests.test_formulas.TestBasicFormulas" name="test_theoretical_coverage" time="0.001" /><testcase classname="tests.test_formulas.TestBasicFormulas" name="test_loss_coefficient" time="0.001" /><testcase classname="tests.test_formulas.TestBasicFormulas" name="test_loss_coefficient_rejects_invalid_values[-0.01]" time="0.001" /><testcase classname="tests.test_formulas.TestBasicFormulas" name="test_loss_coefficient_rejects_invalid_values[100.0]" time="0.002" /><testcase classname="tests.test_formulas.TestBasicFormulas" name="test_loss_coefficient_rejects_invalid_values[100.01]" time="0.001" /><testcase classname="tests.test_formulas.TestBasicFormulas" name="test_practical_coverage" time="0.001" /><testcase classname="tests.test_formulas.TestBasicFormulas" name="test_consumption_and_cost" time="0.001" /><testcase classname="tests.test_formulas.TestBasicFormulas" name="test_unknown_material_price_does_not_block_consumption" time="0.001" /><testcase classname="tests.test_formulas.TestBasicFormulas" name="test_price_per_liter_has_priority_when_both_prices_match_density" time="0.001" /><testcase classname="tests.test_formulas.TestBasicFormulas" name="test_price_per_liter_allows_small_density_rounding_difference" time="0.001" /><testcase classname="tests.test_formulas.TestBasicFormulas" name="test_price_per_liter_rejects_inconsistent_price_via_density" time="0.001" /><testcase classname="tests.test_formulas.TestBasicFormulas" name="test_with_losses" time="0.001" /><testcase classname="tests.test_formulas.TestBasicFormulas" name="test_thinner" time="0.001" /><testcase classname="tests.test_formulas.TestBasicFormulas" name="test_thinner_without_price_still_calculates_consumption" time="0.004" /><testcase classname="tests.test_formulas.TestBasicFormulas" name="test_thinner_by_mix_volume" time="0.003" /><testcase classname="tests.test_formulas.TestBasicFormulas" name="test_thinner_by_mass" time="0.001" /><testcase classname="tests.test_formulas.TestBasicFormulas" name="test_dilution_changes_wft_but_not_paint_consumption_basis" time="0.001" /><testcase classname="tests.test_formulas.TestBasicFormulas" name="test_dilution_cost_is_material_plus_thinner_when_both_prices_known" time="0.001" /><testcase classname="tests.test_formulas.TestBasicFormulas" name="test_unknown_thinner_price_does_not_zero_or_hide_thinner_consumption" time="0.001" /><testcase classname="tests.test_formulas.TestBasicFormulas" name="test_scale_to_area" time="0.001" /><testcase classname="tests.test_formulas.TestBasicFormulas" name="test_total_area_legacy_compatibility" time="0.001" /><testcase classname="tests.test_formulas.TestBasicFormulas" name="test_precision_is_not_truncated_between_formula_steps" time="0.001" /><testcase classname="tests.test_formulas.TestBasicFormulas" name="test_kg_l_unit_invariant" time="0.001" /><testcase classname="tests.test_formulas.TestBasicFormulas" name="test_area_scaling_preserves_per_m2_result" time="0.001" /><testcase classname="tests.test_formulas.TestBasicFormulas" name="test_dilution_basis_unit_consistency[BY_PAINT_VOLUME-1.125]" time="0.001" /><testcase classname="tests.test_formulas.TestBasicFormulas" name="test_dilution_basis_unit_consistency[BY_MIX_VOLUME-1.1428571428571428]" time="0.001" /><testcase classname="tests.test_formulas.TestBasicFormulas" name="test_dilution_basis_unit_consistency[BY_MASS-1.25]" time="0.001" /><testcase classname="tests.test_formulas.TestExcelConsistency" name="test_primer_excel_row7" time="0.001" /><testcase classname="tests.test_formulas.TestExcelConsistency" name="test_finish_excel_row8" time="0.001" /><testcase classname="tests.test_history" name="test_save_and_list" time="0.218"><failure message="PermissionError: [WinError 32] Процесс не может получить доступ к файлу, так как этот файл занят другим процессом: 'C:\\Users\\B7E3~1\\AppData\\Local\\Temp\\tmpliu1cjdi\\hist.sqlite'">path = 'C:\\Users\\B7E3~1\\AppData\\Local\\Temp\\tmpliu1cjdi', dir_fd = None
onexc = &lt;function TemporaryDirectory._rmtree.&lt;locals&gt;.onexc at 0x000002EAAF0A3B60&gt;

    def _rmtree_unsafe(path, dir_fd, onexc):
        if dir_fd is not None:
            raise NotImplementedError("dir_fd unavailable on this platform")
        try:
            st = os.lstat(path)
        except OSError as err:
            onexc(os.lstat, path, err)
            return
        try:
            if _rmtree_islink(st):
                # symlinks to directories are forbidden, see bug #1669
                raise OSError("Cannot call rmtree on a symbolic link")
        except OSError as err:
            onexc(os.path.islink, path, err)
            # can't continue even if onexc hook returns
            return
        def onerror(err):
            if not isinstance(err, FileNotFoundError):
                onexc(os.scandir, err.filename, err)
        results = os.walk(path, topdown=False, onerror=onerror, followlinks=os._walk_symlinks_as_files)
        for dirpath, dirnames, filenames in results:
            for name in dirnames:
                fullname = os.path.join(dirpath, name)
                try:
                    os.rmdir(fullname)
                except FileNotFoundError:
                    continue
                except OSError as err:
                    onexc(os.rmdir, fullname, err)
            for name in filenames:
                fullname = os.path.join(dirpath, name)
                try:
&gt;                   os.unlink(fullname)
E                   PermissionError: [WinError 32] Процесс не может получить доступ к файлу, так как этот файл занят другим процессом: 'C:\\Users\\B7E3~1\\AppData\\Local\\Temp\\tmpliu1cjdi\\hist.sqlite'

C:\Python314\Lib\shutil.py:701: PermissionError

During handling of the above exception, another exception occurred:

sample_result = SystemCalculationResult(system=CoatingSystem(id=None, system_name='Пользовательская система', manufacturer='', descrip...ndard=None, assessment='UNKNOWN', notes=''), substrate='', contamination_status='UNKNOWN', moisture_status='UNKNOWN')))

    def test_save_and_list(sample_result):
&gt;       with tempfile.TemporaryDirectory() as tmp:
             ^^^^^^^^^^^^^^^^^^^^^^^^^^^^^

tests\test_history.py:23: 
_ _ _ _ _ _ _ _ _ _ _ _ _ _ _ _ _ _ _ _ _ _ _ _ _ _ _ _ _ _ _ _ _ _ _ _ _ _ _ _ _ _ _ _ _ _ _ _ _ _ _ _ _ _ _ _ _ _ _ _
C:\Python314\Lib\tempfile.py:971: in __exit__
    self.cleanup()
C:\Python314\Lib\tempfile.py:975: in cleanup
    self._rmtree(self.name, ignore_errors=self._ignore_cleanup_errors)
C:\Python314\Lib\tempfile.py:955: in _rmtree
    _shutil.rmtree(name, onexc=onexc)
C:\Python314\Lib\shutil.py:852: in rmtree
    _rmtree_impl(path, dir_fd, onexc)
C:\Python314\Lib\shutil.py:705: in _rmtree_unsafe
    onexc(os.unlink, fullname, err)
_ _ _ _ _ _ _ _ _ _ _ _ _ _ _ _ _ _ _ _ _ _ _ _ _ _ _ _ _ _ _ _ _ _ _ _ _ _ _ _ _ _ _ _ _ _ _ _ _ _ _ _ _ _ _ _ _ _ _ _

func = &lt;built-in function unlink&gt;, path = 'C:\\Users\\B7E3~1\\AppData\\Local\\Temp\\tmpliu1cjdi\\hist.sqlite'
exc = PermissionError(13, 'Процесс не может получить доступ к файлу, так как этот файл занят другим процессом')

    def onexc(func, path, exc):
        if isinstance(exc, PermissionError):
            if repeated and path == name:
                if ignore_errors:
                    return
                raise
    
            try:
                if path != name:
                    _resetperms(_os.path.dirname(path))
                _resetperms(path)
    
                try:
&gt;                   _os.unlink(path)
E                   PermissionError: [WinError 32] Процесс не может получить доступ к файлу, так как этот файл занят другим процессом: 'C:\\Users\\B7E3~1\\AppData\\Local\\Temp\\tmpliu1cjdi\\hist.sqlite'

C:\Python314\Lib\tempfile.py:930: PermissionError</failure></testcase><testcase classname="tests.test_history" name="test_unknown_cost_is_preserved_as_null" time="0.256"><failure message="PermissionError: [WinError 32] Процесс не может получить доступ к файлу, так как этот файл занят другим процессом: 'C:\\Users\\B7E3~1\\AppData\\Local\\Temp\\tmpgrgh94qc\\unknown_cost.sqlite'">path = 'C:\\Users\\B7E3~1\\AppData\\Local\\Temp\\tmpgrgh94qc', dir_fd = None
onexc = &lt;function TemporaryDirectory._rmtree.&lt;locals&gt;.onexc at 0x000002EAAF0A24B0&gt;

    def _rmtree_unsafe(path, dir_fd, onexc):
        if dir_fd is not None:
            raise NotImplementedError("dir_fd unavailable on this platform")
        try:
            st = os.lstat(path)
        except OSError as err:
            onexc(os.lstat, path, err)
            return
        try:
            if _rmtree_islink(st):
                # symlinks to directories are forbidden, see bug #1669
                raise OSError("Cannot call rmtree on a symbolic link")
        except OSError as err:
            onexc(os.path.islink, path, err)
            # can't continue even if onexc hook returns
            return
        def onerror(err):
            if not isinstance(err, FileNotFoundError):
                onexc(os.scandir, err.filename, err)
        results = os.walk(path, topdown=False, onerror=onerror, followlinks=os._walk_symlinks_as_files)
        for dirpath, dirnames, filenames in results:
            for name in dirnames:
                fullname = os.path.join(dirpath, name)
                try:
                    os.rmdir(fullname)
                except FileNotFoundError:
                    continue
                except OSError as err:
                    onexc(os.rmdir, fullname, err)
            for name in filenames:
                fullname = os.path.join(dirpath, name)
                try:
&gt;                   os.unlink(fullname)
E                   PermissionError: [WinError 32] Процесс не может получить доступ к файлу, так как этот файл занят другим процессом: 'C:\\Users\\B7E3~1\\AppData\\Local\\Temp\\tmpgrgh94qc\\unknown_cost.sqlite'

C:\Python314\Lib\shutil.py:701: PermissionError

During handling of the above exception, another exception occurred:

sample_result = SystemCalculationResult(system=CoatingSystem(id=None, system_name='Пользовательская система', manufacturer='', descrip...ndard=None, assessment='UNKNOWN', notes=''), substrate='', contamination_status='UNKNOWN', moisture_status='UNKNOWN')))

    def test_unknown_cost_is_preserved_as_null(sample_result):
        sample_result.layers[0].material.price_per_kg=None; sample_result.total_cost_per_m2=None; sample_result.total_cost=None
&gt;       with tempfile.TemporaryDirectory() as tmp:
             ^^^^^^^^^^^^^^^^^^^^^^^^^^^^^

tests\test_history.py:32: 
_ _ _ _ _ _ _ _ _ _ _ _ _ _ _ _ _ _ _ _ _ _ _ _ _ _ _ _ _ _ _ _ _ _ _ _ _ _ _ _ _ _ _ _ _ _ _ _ _ _ _ _ _ _ _ _ _ _ _ _
C:\Python314\Lib\tempfile.py:971: in __exit__
    self.cleanup()
C:\Python314\Lib\tempfile.py:975: in cleanup
    self._rmtree(self.name, ignore_errors=self._ignore_cleanup_errors)
C:\Python314\Lib\tempfile.py:955: in _rmtree
    _shutil.rmtree(name, onexc=onexc)
C:\Python314\Lib\shutil.py:852: in rmtree
    _rmtree_impl(path, dir_fd, onexc)
C:\Python314\Lib\shutil.py:705: in _rmtree_unsafe
    onexc(os.unlink, fullname, err)
_ _ _ _ _ _ _ _ _ _ _ _ _ _ _ _ _ _ _ _ _ _ _ _ _ _ _ _ _ _ _ _ _ _ _ _ _ _ _ _ _ _ _ _ _ _ _ _ _ _ _ _ _ _ _ _ _ _ _ _

func = &lt;built-in function unlink&gt;, path = 'C:\\Users\\B7E3~1\\AppData\\Local\\Temp\\tmpgrgh94qc\\unknown_cost.sqlite'
exc = PermissionError(13, 'Процесс не может получить доступ к файлу, так как этот файл занят другим процессом')

    def onexc(func, path, exc):
        if isinstance(exc, PermissionError):
            if repeated and path == name:
                if ignore_errors:
                    return
                raise
    
            try:
                if path != name:
                    _resetperms(_os.path.dirname(path))
                _resetperms(path)
    
                try:
&gt;                   _os.unlink(path)
E                   PermissionError: [WinError 32] Процесс не может получить доступ к файлу, так как этот файл занят другим процессом: 'C:\\Users\\B7E3~1\\AppData\\Local\\Temp\\tmpgrgh94qc\\unknown_cost.sqlite'

C:\Python314\Lib\tempfile.py:930: PermissionError</failure></testcase><testcase classname="tests.test_history" name="test_snapshot_contains_thinner_information" time="0.244"><failure message="PermissionError: [WinError 32] Процесс не может получить доступ к файлу, так как этот файл занят другим процессом: 'C:\\Users\\B7E3~1\\AppData\\Local\\Temp\\tmpe7c0x6zn\\thinner.sqlite'">path = 'C:\\Users\\B7E3~1\\AppData\\Local\\Temp\\tmpe7c0x6zn', dir_fd = None
onexc = &lt;function TemporaryDirectory._rmtree.&lt;locals&gt;.onexc at 0x000002EAAF0A1E80&gt;

    def _rmtree_unsafe(path, dir_fd, onexc):
        if dir_fd is not None:
            raise NotImplementedError("dir_fd unavailable on this platform")
        try:
            st = os.lstat(path)
        except OSError as err:
            onexc(os.lstat, path, err)
            return
        try:
            if _rmtree_islink(st):
                # symlinks to directories are forbidden, see bug #1669
                raise OSError("Cannot call rmtree on a symbolic link")
        except OSError as err:
            onexc(os.path.islink, path, err)
            # can't continue even if onexc hook returns
            return
        def onerror(err):
            if not isinstance(err, FileNotFoundError):
                onexc(os.scandir, err.filename, err)
        results = os.walk(path, topdown=False, onerror=onerror, followlinks=os._walk_symlinks_as_files)
        for dirpath, dirnames, filenames in results:
            for name in dirnames:
                fullname = os.path.join(dirpath, name)
                try:
                    os.rmdir(fullname)
                except FileNotFoundError:
                    continue
                except OSError as err:
                    onexc(os.rmdir, fullname, err)
            for name in filenames:
                fullname = os.path.join(dirpath, name)
                try:
&gt;                   os.unlink(fullname)
E                   PermissionError: [WinError 32] Процесс не может получить доступ к файлу, так как этот файл занят другим процессом: 'C:\\Users\\B7E3~1\\AppData\\Local\\Temp\\tmpe7c0x6zn\\thinner.sqlite'

C:\Python314\Lib\shutil.py:701: PermissionError

During handling of the above exception, another exception occurred:

    def test_snapshot_contains_thinner_information():
        primer=Material(material_name="Грунт 2K", material_type=MaterialType.PRIMER_ENAMEL, binder_type=BinderType.EPOXY, density=1.4, solids_percent=73.0, solids_by_volume_percent=73.0, price_per_kg=500.0)
        thinner=Material(material_name="Разбавитель Test", material_type=MaterialType.THINNER, binder_type=BinderType.OTHER, density=0.9, price_per_kg=None)
        result,val=CalculationService().calculate_system(ObjectData(object_name="Тест разбавителя", area_m2=10.0), [LayerInput(material=primer,target_dft=100,thinner_percent=10,thinner=thinner)])
        assert not val.has_errors
&gt;       with tempfile.TemporaryDirectory() as tmp:
             ^^^^^^^^^^^^^^^^^^^^^^^^^^^^^

tests\test_history.py:43: 
_ _ _ _ _ _ _ _ _ _ _ _ _ _ _ _ _ _ _ _ _ _ _ _ _ _ _ _ _ _ _ _ _ _ _ _ _ _ _ _ _ _ _ _ _ _ _ _ _ _ _ _ _ _ _ _ _ _ _ _
C:\Python314\Lib\tempfile.py:971: in __exit__
    self.cleanup()
C:\Python314\Lib\tempfile.py:975: in cleanup
    self._rmtree(self.name, ignore_errors=self._ignore_cleanup_errors)
C:\Python314\Lib\tempfile.py:955: in _rmtree
    _shutil.rmtree(name, onexc=onexc)
C:\Python314\Lib\shutil.py:852: in rmtree
    _rmtree_impl(path, dir_fd, onexc)
C:\Python314\Lib\shutil.py:705: in _rmtree_unsafe
    onexc(os.unlink, fullname, err)
_ _ _ _ _ _ _ _ _ _ _ _ _ _ _ _ _ _ _ _ _ _ _ _ _ _ _ _ _ _ _ _ _ _ _ _ _ _ _ _ _ _ _ _ _ _ _ _ _ _ _ _ _ _ _ _ _ _ _ _

func = &lt;built-in function unlink&gt;, path = 'C:\\Users\\B7E3~1\\AppData\\Local\\Temp\\tmpe7c0x6zn\\thinner.sqlite'
exc = PermissionError(13, 'Процесс не может получить доступ к файлу, так как этот файл занят другим процессом')

    def onexc(func, path, exc):
        if isinstance(exc, PermissionError):
            if repeated and path == name:
                if ignore_errors:
                    return
                raise
    
            try:
                if path != name:
                    _resetperms(_os.path.dirname(path))
                _resetperms(path)
    
                try:
&gt;                   _os.unlink(path)
E                   PermissionError: [WinError 32] Процесс не может получить доступ к файлу, так как этот файл занят другим процессом: 'C:\\Users\\B7E3~1\\AppData\\Local\\Temp\\tmpe7c0x6zn\\thinner.sqlite'

C:\Python314\Lib\tempfile.py:930: PermissionError</failure></testcase><testcase classname="tests.test_history" name="test_unknown_area_is_preserved_as_null" time="0.281"><failure message="PermissionError: [WinError 32] Процесс не может получить доступ к файлу, так как этот файл занят другим процессом: 'C:\\Users\\B7E3~1\\AppData\\Local\\Temp\\tmpgpfqtbk3\\unknown_area.sqlite'">path = 'C:\\Users\\B7E3~1\\AppData\\Local\\Temp\\tmpgpfqtbk3', dir_fd = None
onexc = &lt;function TemporaryDirectory._rmtree.&lt;locals&gt;.onexc at 0x000002EAAFAFDDD0&gt;

    def _rmtree_unsafe(path, dir_fd, onexc):
        if dir_fd is not None:
            raise NotImplementedError("dir_fd unavailable on this platform")
        try:
            st = os.lstat(path)
        except OSError as err:
            onexc(os.lstat, path, err)
            return
        try:
            if _rmtree_islink(st):
                # symlinks to directories are forbidden, see bug #1669
                raise OSError("Cannot call rmtree on a symbolic link")
        except OSError as err:
            onexc(os.path.islink, path, err)
            # can't continue even if onexc hook returns
            return
        def onerror(err):
            if not isinstance(err, FileNotFoundError):
                onexc(os.scandir, err.filename, err)
        results = os.walk(path, topdown=False, onerror=onerror, followlinks=os._walk_symlinks_as_files)
        for dirpath, dirnames, filenames in results:
            for name in dirnames:
                fullname = os.path.join(dirpath, name)
                try:
                    os.rmdir(fullname)
                except FileNotFoundError:
                    continue
                except OSError as err:
                    onexc(os.rmdir, fullname, err)
            for name in filenames:
                fullname = os.path.join(dirpath, name)
                try:
&gt;                   os.unlink(fullname)
E                   PermissionError: [WinError 32] Процесс не может получить доступ к файлу, так как этот файл занят другим процессом: 'C:\\Users\\B7E3~1\\AppData\\Local\\Temp\\tmpgpfqtbk3\\unknown_area.sqlite'

C:\Python314\Lib\shutil.py:701: PermissionError

During handling of the above exception, another exception occurred:

sample_result = SystemCalculationResult(system=CoatingSystem(id=None, system_name='Пользовательская система', manufacturer='', descrip...ndard=None, assessment='UNKNOWN', notes=''), substrate='', contamination_status='UNKNOWN', moisture_status='UNKNOWN')))

    def test_unknown_area_is_preserved_as_null(sample_result):
        sample_result.object_data.area_m2 = None
&gt;       with tempfile.TemporaryDirectory() as tmp:
             ^^^^^^^^^^^^^^^^^^^^^^^^^^^^^

tests\test_history.py:51: 
_ _ _ _ _ _ _ _ _ _ _ _ _ _ _ _ _ _ _ _ _ _ _ _ _ _ _ _ _ _ _ _ _ _ _ _ _ _ _ _ _ _ _ _ _ _ _ _ _ _ _ _ _ _ _ _ _ _ _ _
C:\Python314\Lib\tempfile.py:971: in __exit__
    self.cleanup()
C:\Python314\Lib\tempfile.py:975: in cleanup
    self._rmtree(self.name, ignore_errors=self._ignore_cleanup_errors)
C:\Python314\Lib\tempfile.py:955: in _rmtree
    _shutil.rmtree(name, onexc=onexc)
C:\Python314\Lib\shutil.py:852: in rmtree
    _rmtree_impl(path, dir_fd, onexc)
C:\Python314\Lib\shutil.py:705: in _rmtree_unsafe
    onexc(os.unlink, fullname, err)
_ _ _ _ _ _ _ _ _ _ _ _ _ _ _ _ _ _ _ _ _ _ _ _ _ _ _ _ _ _ _ _ _ _ _ _ _ _ _ _ _ _ _ _ _ _ _ _ _ _ _ _ _ _ _ _ _ _ _ _

func = &lt;built-in function unlink&gt;, path = 'C:\\Users\\B7E3~1\\AppData\\Local\\Temp\\tmpgpfqtbk3\\unknown_area.sqlite'
exc = PermissionError(13, 'Процесс не может получить доступ к файлу, так как этот файл занят другим процессом')

    def onexc(func, path, exc):
        if isinstance(exc, PermissionError):
            if repeated and path == name:
                if ignore_errors:
                    return
                raise
    
            try:
                if path != name:
                    _resetperms(_os.path.dirname(path))
                _resetperms(path)
    
                try:
&gt;                   _os.unlink(path)
E                   PermissionError: [WinError 32] Процесс не может получить доступ к файлу, так как этот файл занят другим процессом: 'C:\\Users\\B7E3~1\\AppData\\Local\\Temp\\tmpgpfqtbk3\\unknown_area.sqlite'

C:\Python314\Lib\tempfile.py:930: PermissionError</failure></testcase><testcase classname="tests.test_history" name="test_delete" time="0.223"><failure message="PermissionError: [WinError 32] Процесс не может получить доступ к файлу, так как этот файл занят другим процессом: 'C:\\Users\\B7E3~1\\AppData\\Local\\Temp\\tmpzcrjw6gp\\hist2.sqlite'">path = 'C:\\Users\\B7E3~1\\AppData\\Local\\Temp\\tmpzcrjw6gp', dir_fd = None
onexc = &lt;function TemporaryDirectory._rmtree.&lt;locals&gt;.onexc at 0x000002EAAFC36140&gt;

    def _rmtree_unsafe(path, dir_fd, onexc):
        if dir_fd is not None:
            raise NotImplementedError("dir_fd unavailable on this platform")
        try:
            st = os.lstat(path)
        except OSError as err:
            onexc(os.lstat, path, err)
            return
        try:
            if _rmtree_islink(st):
                # symlinks to directories are forbidden, see bug #1669
                raise OSError("Cannot call rmtree on a symbolic link")
        except OSError as err:
            onexc(os.path.islink, path, err)
            # can't continue even if onexc hook returns
            return
        def onerror(err):
            if not isinstance(err, FileNotFoundError):
                onexc(os.scandir, err.filename, err)
        results = os.walk(path, topdown=False, onerror=onerror, followlinks=os._walk_symlinks_as_files)
        for dirpath, dirnames, filenames in results:
            for name in dirnames:
                fullname = os.path.join(dirpath, name)
                try:
                    os.rmdir(fullname)
                except FileNotFoundError:
                    continue
                except OSError as err:
                    onexc(os.rmdir, fullname, err)
            for name in filenames:
                fullname = os.path.join(dirpath, name)
                try:
&gt;                   os.unlink(fullname)
E                   PermissionError: [WinError 32] Процесс не может получить доступ к файлу, так как этот файл занят другим процессом: 'C:\\Users\\B7E3~1\\AppData\\Local\\Temp\\tmpzcrjw6gp\\hist2.sqlite'

C:\Python314\Lib\shutil.py:701: PermissionError

During handling of the above exception, another exception occurred:

sample_result = SystemCalculationResult(system=CoatingSystem(id=None, system_name='Пользовательская система', manufacturer='', descrip...ndard=None, assessment='UNKNOWN', notes=''), substrate='', contamination_status='UNKNOWN', moisture_status='UNKNOWN')))

    def test_delete(sample_result):
&gt;       with tempfile.TemporaryDirectory() as tmp:
             ^^^^^^^^^^^^^^^^^^^^^^^^^^^^^

tests\test_history.py:62: 
_ _ _ _ _ _ _ _ _ _ _ _ _ _ _ _ _ _ _ _ _ _ _ _ _ _ _ _ _ _ _ _ _ _ _ _ _ _ _ _ _ _ _ _ _ _ _ _ _ _ _ _ _ _ _ _ _ _ _ _
C:\Python314\Lib\tempfile.py:971: in __exit__
    self.cleanup()
C:\Python314\Lib\tempfile.py:975: in cleanup
    self._rmtree(self.name, ignore_errors=self._ignore_cleanup_errors)
C:\Python314\Lib\tempfile.py:955: in _rmtree
    _shutil.rmtree(name, onexc=onexc)
C:\Python314\Lib\shutil.py:852: in rmtree
    _rmtree_impl(path, dir_fd, onexc)
C:\Python314\Lib\shutil.py:705: in _rmtree_unsafe
    onexc(os.unlink, fullname, err)
_ _ _ _ _ _ _ _ _ _ _ _ _ _ _ _ _ _ _ _ _ _ _ _ _ _ _ _ _ _ _ _ _ _ _ _ _ _ _ _ _ _ _ _ _ _ _ _ _ _ _ _ _ _ _ _ _ _ _ _

func = &lt;built-in function unlink&gt;, path = 'C:\\Users\\B7E3~1\\AppData\\Local\\Temp\\tmpzcrjw6gp\\hist2.sqlite'
exc = PermissionError(13, 'Процесс не может получить доступ к файлу, так как этот файл занят другим процессом')

    def onexc(func, path, exc):
        if isinstance(exc, PermissionError):
            if repeated and path == name:
                if ignore_errors:
                    return
                raise
    
            try:
                if path != name:
                    _resetperms(_os.path.dirname(path))
                _resetperms(path)
    
                try:
&gt;                   _os.unlink(path)
E                   PermissionError: [WinError 32] Процесс не может получить доступ к файлу, так как этот файл занят другим процессом: 'C:\\Users\\B7E3~1\\AppData\\Local\\Temp\\tmpzcrjw6gp\\hist2.sqlite'

C:\Python314\Lib\tempfile.py:930: PermissionError</failure></testcase><testcase classname="tests.test_history_snapshot" name="test_history_snapshot_contains_material_engineering_values" time="0.191"><failure message="PermissionError: [WinError 32] Процесс не может получить доступ к файлу, так как этот файл занят другим процессом: 'C:\\Users\\B7E3~1\\AppData\\Local\\Temp\\tmplvpbe5w8\\snap.sqlite'">path = 'C:\\Users\\B7E3~1\\AppData\\Local\\Temp\\tmplvpbe5w8', dir_fd = None
onexc = &lt;function TemporaryDirectory._rmtree.&lt;locals&gt;.onexc at 0x000002EAAF0243B0&gt;

    def _rmtree_unsafe(path, dir_fd, onexc):
        if dir_fd is not None:
            raise NotImplementedError("dir_fd unavailable on this platform")
        try:
            st = os.lstat(path)
        except OSError as err:
            onexc(os.lstat, path, err)
            return
        try:
            if _rmtree_islink(st):
                # symlinks to directories are forbidden, see bug #1669
                raise OSError("Cannot call rmtree on a symbolic link")
        except OSError as err:
            onexc(os.path.islink, path, err)
            # can't continue even if onexc hook returns
            return
        def onerror(err):
            if not isinstance(err, FileNotFoundError):
                onexc(os.scandir, err.filename, err)
        results = os.walk(path, topdown=False, onerror=onerror, followlinks=os._walk_symlinks_as_files)
        for dirpath, dirnames, filenames in results:
            for name in dirnames:
                fullname = os.path.join(dirpath, name)
                try:
                    os.rmdir(fullname)
                except FileNotFoundError:
                    continue
                except OSError as err:
                    onexc(os.rmdir, fullname, err)
            for name in filenames:
                fullname = os.path.join(dirpath, name)
                try:
&gt;                   os.unlink(fullname)
E                   PermissionError: [WinError 32] Процесс не может получить доступ к файлу, так как этот файл занят другим процессом: 'C:\\Users\\B7E3~1\\AppData\\Local\\Temp\\tmplvpbe5w8\\snap.sqlite'

C:\Python314\Lib\shutil.py:701: PermissionError

During handling of the above exception, another exception occurred:

    def test_history_snapshot_contains_material_engineering_values():
        result = _sample_result()
&gt;       with tempfile.TemporaryDirectory() as tmp:
             ^^^^^^^^^^^^^^^^^^^^^^^^^^^^^

tests\test_history_snapshot.py:41: 
_ _ _ _ _ _ _ _ _ _ _ _ _ _ _ _ _ _ _ _ _ _ _ _ _ _ _ _ _ _ _ _ _ _ _ _ _ _ _ _ _ _ _ _ _ _ _ _ _ _ _ _ _ _ _ _ _ _ _ _
C:\Python314\Lib\tempfile.py:971: in __exit__
    self.cleanup()
C:\Python314\Lib\tempfile.py:975: in cleanup
    self._rmtree(self.name, ignore_errors=self._ignore_cleanup_errors)
C:\Python314\Lib\tempfile.py:955: in _rmtree
    _shutil.rmtree(name, onexc=onexc)
C:\Python314\Lib\shutil.py:852: in rmtree
    _rmtree_impl(path, dir_fd, onexc)
C:\Python314\Lib\shutil.py:705: in _rmtree_unsafe
    onexc(os.unlink, fullname, err)
_ _ _ _ _ _ _ _ _ _ _ _ _ _ _ _ _ _ _ _ _ _ _ _ _ _ _ _ _ _ _ _ _ _ _ _ _ _ _ _ _ _ _ _ _ _ _ _ _ _ _ _ _ _ _ _ _ _ _ _

func = &lt;built-in function unlink&gt;, path = 'C:\\Users\\B7E3~1\\AppData\\Local\\Temp\\tmplvpbe5w8\\snap.sqlite'
exc = PermissionError(13, 'Процесс не может получить доступ к файлу, так как этот файл занят другим процессом')

    def onexc(func, path, exc):
        if isinstance(exc, PermissionError):
            if repeated and path == name:
                if ignore_errors:
                    return
                raise
    
            try:
                if path != name:
                    _resetperms(_os.path.dirname(path))
                _resetperms(path)
    
                try:
&gt;                   _os.unlink(path)
E                   PermissionError: [WinError 32] Процесс не может получить доступ к файлу, так как этот файл занят другим процессом: 'C:\\Users\\B7E3~1\\AppData\\Local\\Temp\\tmplvpbe5w8\\snap.sqlite'

C:\Python314\Lib\tempfile.py:930: PermissionError</failure></testcase><testcase classname="tests.test_history_snapshot" name="test_history_snapshot_is_independent_of_future_catalog_edits" time="0.206"><failure message="PermissionError: [WinError 32] Процесс не может получить доступ к файлу, так как этот файл занят другим процессом: 'C:\\Users\\B7E3~1\\AppData\\Local\\Temp\\tmp2d52rokn\\snap_indep.sqlite'">path = 'C:\\Users\\B7E3~1\\AppData\\Local\\Temp\\tmp2d52rokn', dir_fd = None
onexc = &lt;function TemporaryDirectory._rmtree.&lt;locals&gt;.onexc at 0x000002EAAEFE17A0&gt;

    def _rmtree_unsafe(path, dir_fd, onexc):
        if dir_fd is not None:
            raise NotImplementedError("dir_fd unavailable on this platform")
        try:
            st = os.lstat(path)
        except OSError as err:
            onexc(os.lstat, path, err)
            return
        try:
            if _rmtree_islink(st):
                # symlinks to directories are forbidden, see bug #1669
                raise OSError("Cannot call rmtree on a symbolic link")
        except OSError as err:
            onexc(os.path.islink, path, err)
            # can't continue even if onexc hook returns
            return
        def onerror(err):
            if not isinstance(err, FileNotFoundError):
                onexc(os.scandir, err.filename, err)
        results = os.walk(path, topdown=False, onerror=onerror, followlinks=os._walk_symlinks_as_files)
        for dirpath, dirnames, filenames in results:
            for name in dirnames:
                fullname = os.path.join(dirpath, name)
                try:
                    os.rmdir(fullname)
                except FileNotFoundError:
                    continue
                except OSError as err:
                    onexc(os.rmdir, fullname, err)
            for name in filenames:
                fullname = os.path.join(dirpath, name)
                try:
&gt;                   os.unlink(fullname)
E                   PermissionError: [WinError 32] Процесс не может получить доступ к файлу, так как этот файл занят другим процессом: 'C:\\Users\\B7E3~1\\AppData\\Local\\Temp\\tmp2d52rokn\\snap_indep.sqlite'

C:\Python314\Lib\shutil.py:701: PermissionError

During handling of the above exception, another exception occurred:

    def test_history_snapshot_is_independent_of_future_catalog_edits():
        result = _sample_result()
&gt;       with tempfile.TemporaryDirectory() as tmp:
             ^^^^^^^^^^^^^^^^^^^^^^^^^^^^^

tests\test_history_snapshot.py:65: 
_ _ _ _ _ _ _ _ _ _ _ _ _ _ _ _ _ _ _ _ _ _ _ _ _ _ _ _ _ _ _ _ _ _ _ _ _ _ _ _ _ _ _ _ _ _ _ _ _ _ _ _ _ _ _ _ _ _ _ _
C:\Python314\Lib\tempfile.py:971: in __exit__
    self.cleanup()
C:\Python314\Lib\tempfile.py:975: in cleanup
    self._rmtree(self.name, ignore_errors=self._ignore_cleanup_errors)
C:\Python314\Lib\tempfile.py:955: in _rmtree
    _shutil.rmtree(name, onexc=onexc)
C:\Python314\Lib\shutil.py:852: in rmtree
    _rmtree_impl(path, dir_fd, onexc)
C:\Python314\Lib\shutil.py:705: in _rmtree_unsafe
    onexc(os.unlink, fullname, err)
_ _ _ _ _ _ _ _ _ _ _ _ _ _ _ _ _ _ _ _ _ _ _ _ _ _ _ _ _ _ _ _ _ _ _ _ _ _ _ _ _ _ _ _ _ _ _ _ _ _ _ _ _ _ _ _ _ _ _ _

func = &lt;built-in function unlink&gt;, path = 'C:\\Users\\B7E3~1\\AppData\\Local\\Temp\\tmp2d52rokn\\snap_indep.sqlite'
exc = PermissionError(13, 'Процесс не может получить доступ к файлу, так как этот файл занят другим процессом')

    def onexc(func, path, exc):
        if isinstance(exc, PermissionError):
            if repeated and path == name:
                if ignore_errors:
                    return
                raise
    
            try:
                if path != name:
                    _resetperms(_os.path.dirname(path))
                _resetperms(path)
    
                try:
&gt;                   _os.unlink(path)
E                   PermissionError: [WinError 32] Процесс не может получить доступ к файлу, так как этот файл занят другим процессом: 'C:\\Users\\B7E3~1\\AppData\\Local\\Temp\\tmp2d52rokn\\snap_indep.sqlite'

C:\Python314\Lib\tempfile.py:930: PermissionError</failure></testcase><testcase classname="tests.test_history_tds_traces" name="test_history_tds_known_for_blank_universal" time="0.039" /><testcase classname="tests.test_inspection_view_smoke" name="test_inspection_view_evaluates_dft_against_latest_calculation" time="0.007" /><testcase classname="tests.test_inspection_workflow" name="test_inspection_record_preserves_unknown_acceptance" time="0.002" /><testcase classname="tests.test_inspection_workflow" name="test_inspection_rejects_invalid_status" time="0.002" /><testcase classname="tests.test_inspection_workflow" name="test_dft_within_band" time="0.001" /><testcase classname="tests.test_inspection_workflow" name="test_dft_below_and_above" time="0.002" /><testcase classname="tests.test_inspection_workflow" name="test_dft_target_only_is_unknown_limits" time="0.001" /><testcase classname="tests.test_inspection_workflow" name="test_dft_missing_measurement_value" time="0.001" /><testcase classname="tests.test_inspection_workflow" name="test_dft_no_limits_for_layer" time="0.001" /><testcase classname="tests.test_inspection_workflow" name="test_limits_from_calculation_without_recommended" time="0.002" /><testcase classname="tests.test_inspection_workflow" name="test_limits_from_calculation_with_recommended" time="0.002" /><testcase classname="tests.test_inspection_workflow" name="test_service_evaluate_dft_against_calculation" time="0.001" /><testcase classname="tests.test_inspection_workflow" name="test_negative_measured_rejected" time="0.001" /><testcase classname="tests.test_inspection_workflow" name="test_bind_dft_does_not_change_acceptance" time="0.001" /><testcase classname="tests.test_inspection_workflow" name="test_bind_dft_out_of_range_still_unknown_acceptance" time="0.002" /><testcase classname="tests.test_inspection_workflow" name="test_bind_dft_from_calculation" time="0.002" /><testcase classname="tests.test_inspection_workflow" name="test_with_dft_report_on_existing_record" time="0.002" /><testcase classname="tests.test_layer_compatibility" name="test_engine_checks_every_adjacent_transition_in_a_four_layer_system" time="0.001" /><testcase classname="tests.test_layer_compatibility" name="test_engine_preserves_source_warning_and_explains_the_transition" time="0.001" /><testcase classname="tests.test_layer_compatibility" name="test_engine_returns_unknown_for_unmapped_binder_without_inventing_a_rule" time="0.001" /><testcase classname="tests.test_layer_compatibility" name="test_engine_worst_case_is_unknown_when_one_transition_is_unresolved" time="0.001" /><testcase classname="tests.test_layer_compatibility" name="test_engine_checks_system_calculation_result_without_recalculation" time="0.001" /><testcase classname="tests.test_layer_compatibility" name="test_calculation_service_exposes_compatibility_report_for_existing_result" time="0.001" /><testcase classname="tests.test_layer_compatibility" name="test_engine_requires_one_context_per_transition" time="0.001" /><testcase classname="tests.test_legacy_comparison_parity" name="test_v3_rejects_less_than_two_and_more_than_ten" time="0.001" /><testcase classname="tests.test_legacy_comparison_parity" name="test_v3_cheapest_among_known_prices_only" time="0.001" /><testcase classname="tests.test_legacy_comparison_parity" name="test_v3_and_v2_agree_on_dft_and_layer_extrema" time="0.039" /><testcase classname="tests.test_legacy_comparison_parity" name="test_v3_to_table_includes_core_indicators" time="0.001" /><testcase classname="tests.test_legacy_export_parity" name="test_v2_and_v3_pdf_share_export_calculation_entrypoint" time="0.003" /><testcase classname="tests.test_legacy_export_parity" name="test_v3_pdf_from_calculation_result_is_valid_pdf" time="0.085" /><testcase classname="tests.test_legacy_export_parity" name="test_v3_pdf_unknown_cost_uses_em_dash_not_zero" time="0.079" /><testcase classname="tests.test_legacy_export_parity" name="test_v3_excel_missing_price_marks_unknown" time="0.092" /><testcase classname="tests.test_legacy_export_parity" name="test_v3_has_engineering_and_customer_excel_split" time="0.003" /><testcase classname="tests.test_legacy_formula_parity" name="test_formula_version_is_declared_in_v3" time="0.001" /><testcase classname="tests.test_legacy_formula_parity" name="test_wft_algebra_matches_v2_when_no_rounding_needed[100-50]" time="0.006" /><testcase classname="tests.test_legacy_formula_parity" name="test_wft_algebra_matches_v2_when_no_rounding_needed[120-40]" time="0.001" /><testcase classname="tests.test_legacy_formula_parity" name="test_wft_algebra_matches_v2_when_no_rounding_needed[1-100]" time="0.001" /><testcase classname="tests.test_legacy_formula_parity" name="test_wft_algebra_matches_v2_when_no_rounding_needed[0-50]" time="0.001" /><testcase classname="tests.test_legacy_formula_parity" name="test_wft_algebra_matches_v2_when_no_rounding_needed[100-0]" time="0.001" /><testcase classname="tests.test_legacy_formula_parity" name="test_wft_v3_keeps_full_precision_vs_v2_round3" time="0.001" /><testcase classname="tests.test_legacy_formula_parity" name="test_loss_coefficient_matches_v2_on_valid_range[0]" time="0.001" /><testcase classname="tests.test_legacy_formula_parity" name="test_loss_coefficient_matches_v2_on_valid_range[10]" time="0.001" /><testcase classname="tests.test_legacy_formula_parity" name="test_loss_coefficient_matches_v2_on_valid_range[30]" time="0.001" /><testcase classname="tests.test_legacy_formula_parity" name="test_loss_coefficient_matches_v2_on_valid_range[50]" time="0.003" /><testcase classname="tests.test_legacy_formula_parity" name="test_loss_coefficient_matches_v2_on_valid_range[99]" time="0.001" /><testcase classname="tests.test_legacy_formula_parity" name="test_loss_coefficient_v3_rejects_invalid_where_v2_returned_one[-1]" time="0.001" /><testcase classname="tests.test_legacy_formula_parity" name="test_loss_coefficient_v3_rejects_invalid_where_v2_returned_one[100]" time="0.001" /><testcase classname="tests.test_legacy_formula_parity" name="test_loss_coefficient_v3_rejects_invalid_where_v2_returned_one[150]" time="0.001" /><testcase classname="tests.test_legacy_formula_parity" name="test_theoretical_and_practical_coverage_algebra" time="0.001" /><testcase classname="tests.test_legacy_formula_parity" name="test_consumption_l_matches_v2" time="0.001" /><testcase classname="tests.test_legacy_formula_parity" name="test_consumption_kg_no_intermediate_round" time="0.001" /><testcase classname="tests.test_legacy_formula_parity" name="test_chain_identity_matches_system_precision_invariant" time="0.001" /><testcase classname="tests.test_legacy_history_parity" name="test_v2_history_has_no_snapshot_seal_helpers" time="0.002" /><testcase classname="tests.test_legacy_history_parity" name="test_v3_seal_and_verify_round_trip" time="0.001" /><testcase classname="tests.test_legacy_history_parity" name="test_v3_tampered_snapshot_is_rejected" time="0.001" /><testcase classname="tests.test_legacy_history_parity" name="test_v3_unsealed_legacy_payload_is_rejected_by_loader" time="0.001" /><testcase classname="tests.test_legacy_history_parity" name="test_v3_snapshot_number_does_not_invent_zero_for_unknown" time="0.001" /><testcase classname="tests.test_legacy_history_parity" name="test_v3_history_service_documents_immutable_snapshot_save" time="0.002" /><testcase classname="tests.test_legacy_multilayer_parity" name="test_v3_multilayer_totals_match_independent_algebra" time="0.001" /><testcase classname="tests.test_legacy_multilayer_parity" name="test_v2_v3_multilayer_match_on_binary_friendly_inputs" time="0.037" /><testcase classname="tests.test_legacy_multilayer_parity" name="test_v3_multilayer_rejects_invalid_losses_via_validation" time="0.001" /><testcase classname="tests.test_legacy_persistence_parity" name="test_v2_and_v3_share_material_repository_api" time="0.002" /><testcase classname="tests.test_legacy_persistence_parity" name="test_v3_unknown_density_and_price_roundtrip_as_none" time="0.036" /><testcase classname="tests.test_legacy_persistence_parity" name="test_v3_solids_by_volume_persisted" time="0.028" /><testcase classname="tests.test_legacy_persistence_parity" name="test_v3_soft_delete_hides_from_active_list" time="0.042" /><testcase classname="tests.test_legacy_persistence_parity" name="test_v3_orm_mapping_does_not_coerce_none_to_zero" time="0.040" /><testcase classname="tests.test_legacy_recommendations_parity" name="test_v2_and_v3_share_two_stage_architecture" time="0.004" /><testcase classname="tests.test_legacy_recommendations_parity" name="test_v3_disclaimer_is_present_on_result" time="0.002" /><testcase classname="tests.test_legacy_recommendations_parity" name="test_v3_hard_filter_rejects_wrong_category_like_legacy" time="0.001" /><testcase classname="tests.test_legacy_recommendations_parity" name="test_v3_ranking_preserves_score_breakdown" time="0.002" /><testcase classname="tests.test_legacy_recommendations_parity" name="test_v3_unknown_cost_does_not_invent_zero_score_break" time="0.001" /><testcase classname="tests.test_legacy_recommendations_parity" name="test_v3_score_has_no_hidden_condition_or_compatibility_weight" time="0.001" /><testcase classname="tests.test_legacy_recommendations_parity" name="test_v3_weights_normalize" time="0.001" /><testcase classname="tests.test_legacy_two_component_parity" name="test_v2_has_no_two_component_domain_module" time="0.003" /><testcase classname="tests.test_legacy_two_component_parity" name="test_v3_two_component_describe_is_informational_only" time="0.001" /><testcase classname="tests.test_legacy_two_component_parity" name="test_v3_two_component_rejects_invalid_ratio_and_basis" time="0.001" /><testcase classname="tests.test_legacy_two_component_parity" name="test_v3_two_component_calculates_as_single_mixed_layer" time="0.001" /><testcase classname="tests.test_legacy_two_component_parity" name="test_v3_volume_ratio_supported" time="0.001" /><testcase classname="tests.test_legacy_ui_workflow_parity" name="test_v2_and_v3_calculation_views_share_workflow_surface" time="0.003" /><testcase classname="tests.test_legacy_ui_workflow_parity" name="test_v3_object_data_area_unknown_is_none_not_zero" time="0.001" /><testcase classname="tests.test_legacy_ui_workflow_parity" name="test_v3_calculation_view_uses_calculation_service_not_excel_engine" time="0.002" /><testcase classname="tests.test_legacy_ui_workflow_parity" name="test_calculation_view_smoke_covers_direct_and_saved_system_paths" time="0.001" /><testcase classname="tests.test_legacy_ui_workflow_parity" name="test_v2_has_no_systems_editor_view" time="0.002" /><testcase classname="tests.test_legacy_ui_workflow_parity" name="test_v3_systems_editor_has_crud_and_compatibility_refresh" time="0.003" /><testcase classname="tests.test_legacy_ui_workflow_parity" name="test_systems_view_smoke_exists" time="0.002" /><testcase classname="tests.test_legacy_unknown_inputs_parity" name="test_v3_missing_price_is_none_not_zero" time="0.002" /><testcase classname="tests.test_legacy_unknown_inputs_parity" name="test_v2_missing_price_falls_back_to_zero" time="0.
[...]
4" /><testcase classname="tests.test_spk_effa_tds_catalog" name="test_staged_rules_remain_unknown" time="0.001" /><testcase classname="tests.test_spk_effa_tds_catalog" name="test_known_rule_still_requires_known_document_and_explicit_promotion" time="0.001" /><testcase classname="tests.test_system_book_importer" name="test_system_book_importer_keeps_sheet_row_cells_and_sha256" time="0.040" /><testcase classname="tests.test_system_book_importer" name="test_system_book_importer_rejects_unknown_book_name" time="0.018" /><testcase classname="tests.test_system_book_mapping" name="test_mapper_groups_layers_and_preserves_provenance" time="0.001" /><testcase classname="tests.test_system_book_mapping" name="test_mapper_keeps_missing_dft_as_unknown_none" time="0.001" /><testcase classname="tests.test_system_book_mapping" name="test_mapper_rejects_invalid_layer_number" time="0.001" /><testcase classname="tests.test_system_book_mapping" name="test_side_by_side_expands_present_layers_only" time="0.001" /><testcase classname="tests.test_system_book_mapping" name="test_side_by_side_non_numeric_thickness_becomes_unknown" time="0.001" /><testcase classname="tests.test_system_book_mapping" name="test_side_by_side_skips_row_with_no_materials" time="0.001" /><testcase classname="tests.test_system_book_mapping" name="test_side_by_side_rejects_negative_thickness" time="0.001" /><testcase classname="tests.test_system_book_mapping" name="test_side_by_side_layout_requires_layers" time="0.001" /><testcase classname="tests.test_system_book_mapping" name="test_optional_number_parses_unit_suffix" time="0.001" /><testcase classname="tests.test_system_book_mapping" name="test_optional_number_rejects_composite_thickness_as_unknown" time="0.001" /><testcase classname="tests.test_system_book_mapping" name="test_systems3_akz_layout_expands_three_layer_row" time="0.001" /><testcase classname="tests.test_system_book_mapping" name="test_reviewed_layout_registry_keys" time="0.001" /><testcase classname="tests.test_system_book_mapping" name="test_systems3_ogz_layout_expands_four_layer_groups" time="0.001" /><testcase classname="tests.test_system_book_mapping" name="test_systems3_ogz_skips_empty_heat_protect_layer" time="0.001" /><testcase classname="tests.test_system_book_mapping" name="test_reviewed_layout_registry_includes_systems3_ogz" time="0.001" /><testcase classname="tests.test_system_book_mapping" name="test_expand_reviewed_workbook_systems3_both_sheets" time="0.121" /><testcase classname="tests.test_system_calculation" name="test_three_layer_system_totals_and_costs" time="0.001" /><testcase classname="tests.test_system_calculation" name="test_direct_area_is_the_only_object_area_input" time="0.002" /><testcase classname="tests.test_system_calculation" name="test_losses_are_applied_per_layer" time="0.001" /><testcase classname="tests.test_system_precision" name="test_system_totals_match_independent_multilayer_golden_calculation[2]" time="0.001" /><testcase classname="tests.test_system_precision" name="test_system_totals_match_independent_multilayer_golden_calculation[3]" time="0.001" /><testcase classname="tests.test_system_precision" name="test_system_totals_match_independent_multilayer_golden_calculation[4]" time="0.001" /><testcase classname="tests.test_system_precision" name="test_system_totals_match_independent_multilayer_golden_calculation[5]" time="0.001" /><testcase classname="tests.test_system_precision" name="test_system_area_scaling_changes_only_object_totals" time="0.001" /><testcase classname="tests.test_system_precision" name="test_system_keeps_full_precision_until_result_boundary" time="0.001" /><testcase classname="tests.test_system_template_material_bind" name="test_bind_unique_materials_sets_id_on_exact_name_match" time="0.001" /><testcase classname="tests.test_system_template_material_bind" name="test_bind_unique_materials_leaves_none_when_ambiguous" time="0.001" /><testcase classname="tests.test_system_template_material_bind" name="test_bind_unique_materials_leaves_none_when_no_match" time="0.001" /><testcase classname="tests.test_system_template_material_bind" name="test_bind_unique_materials_preserves_existing_id" time="0.001" /><testcase classname="tests.test_system_template_material_bind" name="test_prepare_reviewed_draft_for_review_never_confirms" time="0.003" /><testcase classname="tests.test_system_template_material_bind" name="test_prepare_reviewed_draft_for_review_casefold_and_yo" time="0.003" /><testcase classname="tests.test_system_template_reviewed_drafts" name="test_load_reviewed_side_by_side_drafts_returns_only_draft_unknown_tds" time="0.131" /><testcase classname="tests.test_system_template_reviewed_drafts" name="test_load_reviewed_side_by_side_drafts_respects_file_filter" time="0.150" /><testcase classname="tests.test_system_template_reviewed_drafts" name="test_load_reviewed_side_by_side_drafts_missing_root_returns_empty" time="0.001" /><testcase classname="tests.test_system_template_reviewed_drafts" name="test_can_confirm_rejects_reviewed_draft_without_tds_and_material_ids" time="0.129" /><testcase classname="tests.test_system_template_tds_gate" name="test_prepare_binds_unique_material_and_promotes_tds_status_to_known" time="0.003" /><testcase classname="tests.test_system_template_tds_gate" name="test_prepare_keeps_unbound_when_material_match_is_ambiguous" time="0.002" /><testcase classname="tests.test_system_template_tds_gate" name="test_can_confirm_rejects_missing_provenance_even_with_known_tds" time="0.001" /><testcase classname="tests.test_system_template_tds_gate" name="test_can_confirm_requires_known_tds_even_when_material_and_provenance_are_valid" time="0.001" /><testcase classname="tests.test_system_template_tds_gate" name="test_confirm_draft_succeeds_when_all_gates_pass" time="0.002" /><testcase classname="tests.test_system_template_tds_gate" name="test_confirm_draft_rejects_unknown_tds" time="0.001" /><testcase classname="tests.test_system_template_tds_gate" name="test_confirm_draft_rejects_unbound_material" time="0.001" /><testcase classname="tests.test_system_template_tds_gate" name="test_confirm_draft_never_auto_runs_from_prepare_alone" time="0.002" /><testcase classname="tests.test_system_template_tds_verified" name="test_evaluate_known" time="0.002" /><testcase classname="tests.test_system_template_tds_verified" name="test_with_tds_metadata" time="0.002" /><testcase classname="tests.test_systems_view" name="test_reorder_save_reload_and_copy_preserve_system_layers" time="0.254"><failure message="AttributeError: 'FakeMaterial' object has no attribute 'binder_type'">monkeypatch = &lt;_pytest.monkeypatch.MonkeyPatch object at 0x000002EAB05372F0&gt;
tmp_path = WindowsPath('C:/Users/Евгений/AppData/Local/Temp/pytest-of-Евгений/pytest-2/test_reorder_save_reload_and_c0')
qapp = &lt;PySide6.QtWidgets.QApplication(0x2ea8faeaf40) at 0x000002EAAF092180&gt;

    def test_reorder_save_reload_and_copy_preserve_system_layers(monkeypatch, tmp_path, qapp):
        _engine, factory, system_id = _prepare_db(tmp_path)
        monkeypatch.setattr(systems_view, "get_session_factory", lambda: factory)
    
        view = SystemsView(_materials())
        index = view.list_systems.findData(system_id)
        assert index &gt;= 0
        view.list_systems.setCurrentIndex(index)
        assert _names(view) == ["Материал 1", "Материал 2", "Материал 3"]
    
        view.table.selectRow(1)
&gt;       view._move_layer(-1)

tests\test_systems_view.py:93: 
_ _ _ _ _ _ _ _ _ _ _ _ _ _ _ _ _ _ _ _ _ _ _ _ _ _ _ _ _ _ _ _ _ _ _ _ _ _ _ _ _ _ _ _ _ _ _ _ _ _ _ _ _ _ _ _ _ _ _ _
app\ui\views\systems_view.py:371: in _move_layer
    self._refresh_compatibility()
app\ui\views\systems_view.py:392: in _refresh_compatibility
    report = self._compatibility.check_material_sequence(materials)
             ^^^^^^^^^^^^^^^^^^^^^^^^^^^^^^^^^^^^^^^^^^^^^^^^^^^^^^
app\domain\layer_compatibility.py:214: in check_material_sequence
    return self.check_layers(layers, contexts=contexts)
           ^^^^^^^^^^^^^^^^^^^^^^^^^^^^^^^^^^^^^^^^^^^^
app\domain\layer_compatibility.py:180: in check_layers
    self.check_transition(
app\domain\layer_compatibility.py:154: in check_transition
    rule = check_materials(previous, applied)
           ^^^^^^^^^^^^^^^^^^^^^^^^^^^^^^^^^^
_ _ _ _ _ _ _ _ _ _ _ _ _ _ _ _ _ _ _ _ _ _ _ _ _ _ _ _ _ _ _ _ _ _ _ _ _ _ _ _ _ _ _ _ _ _ _ _ _ _ _ _ _ _ _ _ _ _ _ _

previous = FakeMaterial(id=2, name='Материал 2', material_type='промежуточный', recommended_dft_min=60.0, recommended_dft_max=120.0)
applied = FakeMaterial(id=1, name='Материал 1', material_type='грунт', recommended_dft_min=60.0, recommended_dft_max=120.0)

    def check_materials(previous: Material | None, applied: Material | None) -&gt; CompatibilityRule:
        """Check two material objects without inventing a compatibility rule."""
        return check_binders(
&gt;           previous.binder_type if previous else None,
            ^^^^^^^^^^^^^^^^^^^^
            applied.binder_type if applied else None,
        )
E       AttributeError: 'FakeMaterial' object has no attribute 'binder_type'

app\domain\compatibility.py:190: AttributeError</failure></testcase><testcase classname="tests.test_systems_view" name="test_from_calculation_creates_unsaved_draft_without_recalculation" time="0.195"><failure message="AttributeError: 'FakeMaterial' object has no attribute 'binder_type'">monkeypatch = &lt;_pytest.monkeypatch.MonkeyPatch object at 0x000002EAAFB43240&gt;
tmp_path = WindowsPath('C:/Users/Евгений/AppData/Local/Temp/pytest-of-Евгений/pytest-2/test_from_calculation_creates_0')
qapp = &lt;PySide6.QtWidgets.QApplication(0x2ea8faeaf40) at 0x000002EAAF092180&gt;

    def test_from_calculation_creates_unsaved_draft_without_recalculation(monkeypatch, tmp_path, qapp):
        _engine, factory, _system_id = _prepare_db(tmp_path)
        monkeypatch.setattr(systems_view, "get_session_factory", lambda: factory)
    
        materials = _materials()
        result = SimpleNamespace(
            system=SimpleNamespace(
                system_name="Расчётная система",
                manufacturer="Calc",
                description="Из расчёта",
                substrate="Сталь",
                standards="ГОСТ",
                certificate="Сертификат",
            ),
            layers=[
                SimpleNamespace(material=materials[0], target_dft=75.5, thinner_percent=4),
                SimpleNamespace(material=materials[1], target_dft=95.25, thinner_percent=8),
                SimpleNamespace(material=materials[2], target_dft=115.0, thinner_percent=0),
            ],
        )
    
        view = SystemsView(materials)
        view.set_calculation_result(result)
        assert view.btn_from_calculation.isEnabled()
    
&gt;       view._from_calculation()

tests\test_systems_view.py:139: 
_ _ _ _ _ _ _ _ _ _ _ _ _ _ _ _ _ _ _ _ _ _ _ _ _ _ _ _ _ _ _ _ _ _ _ _ _ _ _ _ _ _ _ _ _ _ _ _ _ _ _ _ _ _ _ _ _ _ _ _
app\ui\views\systems_view.py:228: in _from_calculation
    self._refresh_compatibility()
app\ui\views\systems_view.py:392: in _refresh_compatibility
    report = self._compatibility.check_material_sequence(materials)
             ^^^^^^^^^^^^^^^^^^^^^^^^^^^^^^^^^^^^^^^^^^^^^^^^^^^^^^
app\domain\layer_compatibility.py:214: in check_material_sequence
    return self.check_layers(layers, contexts=contexts)
           ^^^^^^^^^^^^^^^^^^^^^^^^^^^^^^^^^^^^^^^^^^^^
app\domain\layer_compatibility.py:180: in check_layers
    self.check_transition(
app\domain\layer_compatibility.py:154: in check_transition
    rule = check_materials(previous, applied)
           ^^^^^^^^^^^^^^^^^^^^^^^^^^^^^^^^^^
_ _ _ _ _ _ _ _ _ _ _ _ _ _ _ _ _ _ _ _ _ _ _ _ _ _ _ _ _ _ _ _ _ _ _ _ _ _ _ _ _ _ _ _ _ _ _ _ _ _ _ _ _ _ _ _ _ _ _ _

previous = FakeMaterial(id=1, name='Материал 1', material_type='грунт', recommended_dft_min=60.0, recommended_dft_max=120.0)
applied = FakeMaterial(id=2, name='Материал 2', material_type='промежуточный', recommended_dft_min=60.0, recommended_dft_max=120.0)

    def check_materials(previous: Material | None, applied: Material | None) -&gt; CompatibilityRule:
        """Check two material objects without inventing a compatibility rule."""
        return check_binders(
&gt;           previous.binder_type if previous else None,
            ^^^^^^^^^^^^^^^^^^^^
            applied.binder_type if applied else None,
        )
E       AttributeError: 'FakeMaterial' object has no attribute 'binder_type'

app\domain\compatibility.py:190: AttributeError</failure></testcase><testcase classname="tests.test_tds_expanded_and_technology" name="test_expanded_known_rules_cover_blank_line" time="0.008" /><testcase classname="tests.test_tds_expanded_and_technology" name="test_hp_dft_range_enforced" time="0.003" /><testcase classname="tests.test_tds_expanded_and_technology" name="test_zinc_dft_range_enforced" time="0.002" /><testcase classname="tests.test_tds_expanded_and_technology" name="test_dew_point_without_material_margin_is_unknown_not_blocking" time="0.001" /><testcase classname="tests.test_tds_expanded_and_technology" name="test_dew_point_with_explicit_margin_still_blocks" time="0.001" /><testcase classname="tests.test_tds_expanded_and_technology" name="test_domain_check_target_dft_accepts_explicit_tds_bounds" time="0.001" /><testcase classname="tests.test_tds_manifest" name="test_known_document_requires_approved_repository" time="0.001" /><testcase classname="tests.test_tds_manifest" name="test_known_document_requires_binary_sha256" time="0.001" /><testcase classname="tests.test_tds_manifest" name="test_known_rule_cannot_promote_unknown_document" time="0.001" /><testcase classname="tests.test_tds_manifest" name="test_unknown_rule_may_remain_unknown_with_known_document" time="0.001" /><testcase classname="tests.test_tds_manifest" name="test_rule_must_reference_existing_document" time="0.001" /><testcase classname="tests.test_tds_normative_bridge" name="test_model" time="0.002" /><testcase classname="tests.test_tds_normative_bridge" name="test_trace_tank_lp" time="0.002" /><testcase classname="tests.test_tds_normative_bridge" name="test_ctx" time="0.002" /><testcase classname="tests.test_tds_rule_promotion" name="test_cannot_promote_without_known_document" time="0.001" /><testcase classname="tests.test_tds_rule_promotion" name="test_promote_requires_verified_by" time="0.001" /><testcase classname="tests.test_tds_rule_promotion" name="test_known_rules_are_promoted_and_manifest_valid" time="0.002" /><testcase classname="tests.test_tds_rule_promotion" name="test_parse_dft_range" time="0.001" /><testcase classname="tests.test_tds_rule_promotion" name="test_material_name_resolves_to_document" time="0.001" /><testcase classname="tests.test_tds_rule_promotion" name="test_tds_dft_check_ok_and_out_of_range" time="0.004" /><testcase classname="tests.test_tds_rule_promotion" name="test_unknown_material_stays_unknown" time="0.001" /><testcase classname="tests.test_tds_rule_promotion" name="test_known_dft_rule_lookup" time="0.002" /><testcase classname="tests.test_tds_tank_lp_effa_promotion" name="test_all_catalog_docs_have_known_rules" time="0.001" /><testcase classname="tests.test_tds_tank_lp_effa_promotion" name="test_tank_lp_promoted_and_specific" time="0.003" /><testcase classname="tests.test_tds_tank_lp_effa_promotion" name="test_effa_solids_no_um_dft" time="0.003" /><testcase classname="tests.test_technology" name="test_dew_point_margin_is_blocking" time="0.001" /><testcase classname="tests.test_technology" name="test_dft_below_min_is_blocking" time="0.001" /><testcase classname="tests.test_technology" name="test_dft_above_recommended_but_below_absolute_max_is_warning" time="0.001" /><testcase classname="tests.test_technology" name="test_missing_dft_is_unknown_not_zero" time="0.001" /><testcase classname="tests.test_technology_control" name="test_dew_point_margin_passes_at_required_three_degrees" time="0.001" /><testcase classname="tests.test_technology_control" name="test_dew_point_margin_is_blocking_error_below_requirement" time="0.001" /><testcase classname="tests.test_technology_control" name="test_rh_above_material_limit_is_error" time="0.001" /><testcase classname="tests.test_technology_control" name="test_dft_below_material_min_is_error" time="0.001" /><testcase classname="tests.test_technology_control" name="test_dft_above_single_layer_limit_is_error" time="0.001" /><testcase classname="tests.test_technology_control" name="test_recoat_too_early_is_error_and_too_late_is_warning" time="0.001" /><testcase classname="tests.test_technology_control" name="test_total_dft_bounds_are_checked" time="0.001" /><testcase classname="tests.test_two_component" name="test_two_component_is_information_only" time="0.001" /><testcase classname="tests.test_two_component" name="test_two_component_volume_ratio_is_supported" time="0.001" /><testcase classname="tests.test_two_component" name="test_two_component_invalid_ratio_is_rejected" time="0.001" /><testcase classname="tests.test_two_component" name="test_two_component_invalid_basis_is_rejected" time="0.001" /><testcase classname="tests.test_two_component" name="test_two_component_material_calculates_as_one_layer_in_multilayer_system" time="0.001" /><testcase classname="tests.test_two_component" name="test_two_component_remains_one_layer_at_any_position_in_multilayer_system[2-0]" time="0.001" /><testcase classname="tests.test_two_component" name="test_two_component_remains_one_layer_at_any_position_in_multilayer_system[2-1]" time="0.001" /><testcase classname="tests.test_two_component" name="test_two_component_remains_one_layer_at_any_position_in_multilayer_system[3-0]" time="0.001" /><testcase classname="tests.test_two_component" name="test_two_component_remains_one_layer_at_any_position_in_multilayer_system[3-1]" time="0.001" /><testcase classname="tests.test_two_component" name="test_two_component_remains_one_layer_at_any_position_in_multilayer_system[3-2]" time="0.001" /><testcase classname="tests.test_two_component" name="test_two_component_remains_one_layer_at_any_position_in_multilayer_system[4-0]" time="0.001" /><testcase classname="tests.test_two_component" name="test_two_component_remains_one_layer_at_any_position_in_multilayer_system[4-2]" time="0.001" /><testcase classname="tests.test_two_component" name="test_two_component_remains_one_layer_at_any_position_in_multilayer_system[4-3]" time="0.002" /><testcase classname="tests.test_two_component" name="test_two_component_remains_one_layer_at_any_position_in_multilayer_system[5-0]" time="0.001" /><testcase classname="tests.test_two_component" name="test_two_component_remains_one_layer_at_any_position_in_multilayer_system[5-2]" time="0.001" /><testcase classname="tests.test_two_component" name="test_two_component_remains_one_layer_at_any_position_in_multilayer_system[5-4]" time="0.001" /><testcase classname="tests.test_two_component" name="test_two_component_database_metadata_round_trip_is_informational_only" time="0.033" /><testcase classname="tests.test_two_component_repository" name="test_two_component_repository_reads_mix_and_components" time="0.035" /><testcase classname="tests.test_two_component_repository" name="test_two_component_repository_returns_none_without_mix" time="0.035" /><testcase classname="tests.test_validation_v3" name="test_solids_by_volume_must_be_0_to_100" time="0.002" /><testcase classname="tests.test_validation_v3" name="test_thinner_above_material_max_is_error" time="0.001" /><testcase classname="tests.test_validation_v3" name="test_mix_volume_basis_requires_less_than_100_percent" time="0.002" /><testcase classname="tests.test_validation_v3" name="test_application_conditions_check_temperature_rh_and_dew_point_margin" time="0.001" /><testcase classname="tests.test_validation_v3" name="test_system_total_dft_is_checked" time="0.001" /><testcase classname="tests.test_validation_v3" name="test_system_layer_count_is_checked" time="0.001" /></testsuite></testsuites>